{"logTime": "0604/164024", "correlationVector":"pWKHviyqfnM4IjRhwmSXeu.1","action":"SyncServerConnectionManagerRequest", "result":"SYNC_SERVER_OK", "context":{"environment":"Prod_WestEurope_x00e", "migrationStage":"NotStarted", "server":"GENERAL0100000S"}}
{"logTime": "0604/164024", "correlationVector":"pWKHviyqfnM4IjRhwmSXeu.2","action":"GetUpdates Response", "result":"Success", "context":Received 3 update(s). cV=pWKHviyqfnM4IjRhwmSXeu.0;server=GENERAL0100000S;cloudType=Consumer;environment=Prod_WestEurope_x00e;migrationStage=NotStarted}
{"logTime": "0604/164213", "correlationVector":"Q1qy9dNJiVZEfx9PHkutyX.1","action":"SyncServerConnectionManagerRequest", "result":"SYNC_SERVER_OK", "context":{"environment":"Prod_WestEurope_000l", "migrationStage":"NotStarted", "server":"GENERAL0100000A"}}
{"logTime": "0604/164213", "correlationVector":"Q1qy9dNJiVZEfx9PHkutyX","action":"Initial GetUpdates", "result":"", "context":Reason: NEW_CLIENT. cV=Q1qy9dNJiVZEfx9PHkutyX}
{"logTime": "0604/164213", "correlationVector":"Q1qy9dNJiVZEfx9PHkutyX.2","action":"GetUpdates Response", "result":"Success", "context":Received 1 update(s). cV=Q1qy9dNJiVZEfx9PHkutyX.0;server=GENERAL0100000A;cloudType=Consumer;environment=Prod_WestEurope_000l;migrationStage=NotStarted}
{"logTime": "0604/164213", "correlationVector":"VzaC9Z9mZFej6+1w+HKm3E","action":"Initial GetUpdates", "result":"", "context":Reason: NEWLY_SUPPORTED_DATATYPE. cV=VzaC9Z9mZFej6+1w+HKm3E}
{"logTime": "0604/164213", "correlationVector":"VzaC9Z9mZFej6+1w+HKm3E.1","action":"SyncServerConnectionManagerRequest", "result":"SYNC_SERVER_OK", "context":{"environment":"Prod_WestEurope_000l", "migrationStage":"NotStarted", "server":"GENERAL0300000X"}}
{"logTime": "0604/164213", "correlationVector":"VzaC9Z9mZFej6+1w+HKm3E.2","action":"GetUpdates Response", "result":"Success", "context":Received 43 update(s). cV=VzaC9Z9mZFej6+1w+HKm3E.0;server=GENERAL0300000X;cloudType=Consumer;environment=Prod_WestEurope_000l;migrationStage=NotStarted}
{"logTime": "0604/164213", "correlationVector":"NySTAiXsPYgSTQ6CZIpSIZ","action":"Initial GetUpdates", "result":"", "context":Reason: NEWLY_SUPPORTED_DATATYPE. cV=NySTAiXsPYgSTQ6CZIpSIZ}
{"logTime": "0604/164213", "correlationVector":"NySTAiXsPYgSTQ6CZIpSIZ.1","action":"SyncServerConnectionManagerRequest", "result":"SYNC_SERVER_OK", "context":{"environment":"Prod_WestEurope_000l", "migrationStage":"NotStarted", "server":"GENERAL0100000W"}}
{"logTime": "0604/164213", "correlationVector":"NySTAiXsPYgSTQ6CZIpSIZ.2","action":"GetUpdates Response", "result":"Success", "context":Received 0 update(s). cV=NySTAiXsPYgSTQ6CZIpSIZ.0;server=GENERAL0100000W;cloudType=Consumer;environment=Prod_WestEurope_000l;migrationStage=NotStarted}
{"logTime": "0604/164213", "correlationVector":"lpuRkcqRd1BMo9T8xQR7YO","action":"SyncServerConnectionManagerRequest", "result":"SYNC_SERVER_OK", "context":{"environment":"", "migrationStage":"", "server":""}}
{"logTime": "0604/164213", "correlationVector":"g0trO1t/SN1tKsvSqZBicT","action":"Normal GetUpdate request", "result":"", "context":cV=g0trO1t/SN1tKsvSqZBicT
Nudged types: Sessions
Refresh requested types: Bookmarks, Preferences, Passwords, Autofill Profiles, Autofill, Typed URLs, Extensions, Sessions, Extension settings, History Delete Directives, Device Info, User Consents, Send Tab To Self, Web Apps, Collection, Edge E Drop, Edge Hub App Usage, Edge Tab Group, Edge Wallet, Encryption Keys}
{"logTime": "0604/164213", "correlationVector":"g0trO1t/SN1tKsvSqZBicT.1","action":"SyncServerConnectionManagerRequest", "result":"SYNC_SERVER_OK", "context":{"environment":"Prod_WestEurope_x00e", "migrationStage":"NotStarted", "server":"GENERAL0100000E"}}
{"logTime": "0604/164213", "correlationVector":"g0trO1t/SN1tKsvSqZBicT.2","action":"GetUpdates Response", "result":"Success", "context":Received 0 update(s). cV=g0trO1t/SN1tKsvSqZBicT.0;server=GENERAL0100000E;cloudType=Consumer;environment=Prod_WestEurope_x00e;migrationStage=NotStarted}
{"logTime": "0604/164213", "correlationVector":"LpMu2Jsi4+SnY+UhcQ9L45","action":"Commit Request", "result":"", "context":Item count: 3
Contributing types: Sessions}
{"logTime": "0604/164213", "correlationVector":"LpMu2Jsi4+SnY+UhcQ9L45.1","action":"SyncServerConnectionManagerRequest", "result":"SYNC_SERVER_OK", "context":{"environment":"Prod_WestEurope_000l", "migrationStage":"NotStarted", "server":"GENERAL0100001Y"}}
{"logTime": "0604/164213", "correlationVector":"LpMu2Jsi4+SnY+UhcQ9L45.2","action":"Commit Response", "result":"Success", "context":Result: Success. cV=LpMu2Jsi4+SnY+UhcQ9L45.0;server=GENERAL0100001Y;cloudType=Consumer;environment=Prod_WestEurope_000l;migrationStage=NotStarted}
{"logTime": "0604/164213", "correlationVector":"LaBMrDyR4LWn5lIYHcHkr+","action":"Normal GetUpdate request", "result":"", "context":cV=LaBMrDyR4LWn5lIYHcHkr+
Nudged types: Sessions
Refresh requested types: Bookmarks, Preferences, Passwords, Autofill Profiles, Autofill, Typed URLs, Extensions, Sessions, Extension settings, History Delete Directives, Device Info, User Consents, Send Tab To Self, Web Apps, Collection, Edge E Drop, Edge Hub App Usage, Edge Tab Group, Edge Wallet, Encryption Keys}
{"logTime": "0604/164213", "correlationVector":"LaBMrDyR4LWn5lIYHcHkr+.1","action":"SyncServerConnectionManagerRequest", "result":"SYNC_SERVER_OK", "context":{"environment":"Prod_WestEurope_x00e", "migrationStage":"NotStarted", "server":"GENERAL0100001O"}}
{"logTime": "0604/164213", "correlationVector":"LaBMrDyR4LWn5lIYHcHkr+.2","action":"GetUpdates Response", "result":"Success", "context":Received 3 update(s). cV=LaBMrDyR4LWn5lIYHcHkr+.0;server=GENERAL0100001O;cloudType=Consumer;environment=Prod_WestEurope_x00e;migrationStage=NotStarted}
{"logTime": "0604/164238", "correlationVector":"RaNtrOU3v2z2xoHyo7fGk8","action":"Commit Request", "result":"", "context":Item count: 2
Contributing types: Sessions}
{"logTime": "0604/164238", "correlationVector":"RaNtrOU3v2z2xoHyo7fGk8.1","action":"SyncServerConnectionManagerRequest", "result":"SYNC_SERVER_OK", "context":{"environment":"Prod_WestEurope_000l", "migrationStage":"NotStarted", "server":"GENERAL03000015"}}
{"logTime": "0604/164238", "correlationVector":"RaNtrOU3v2z2xoHyo7fGk8.2","action":"Commit Response", "result":"Success", "context":Result: Success. cV=RaNtrOU3v2z2xoHyo7fGk8.0;server=GENERAL03000015;cloudType=Consumer;environment=Prod_WestEurope_000l;migrationStage=NotStarted}
{"logTime": "0604/164238", "correlationVector":"RaNtrOU3v2z2xoHyo7fGk8.3","action":"Commit.Sessions", "result":"Success", "context":{"id":"5db343b8-c98a-4f26-bca9-3b0334e2b80d", "isDeleted":"true", "size":"0", "version":"1717519329506"}}
{"logTime": "0604/164456", "correlationVector":"hXDgGVMkZ9Zfh1c5rAyX56.1","action":"SyncServerConnectionManagerRequest", "result":"SYNC_SERVER_OK", "context":{"environment":"Prod_WestEurope_000l", "migrationStage":"NotStarted", "server":"GENERAL0100001A"}}
{"logTime": "0604/164456", "correlationVector":"hXDgGVMkZ9Zfh1c5rAyX56","action":"Initial GetUpdates", "result":"", "context":Reason: NEW_CLIENT. cV=hXDgGVMkZ9Zfh1c5rAyX56}
{"logTime": "0604/164456", "correlationVector":"hXDgGVMkZ9Zfh1c5rAyX56.2","action":"GetUpdates Response", "result":"Success", "context":Received 1 update(s). cV=hXDgGVMkZ9Zfh1c5rAyX56.0;server=GENERAL0100001A;cloudType=Consumer;environment=Prod_WestEurope_000l;migrationStage=NotStarted}
{"logTime": "0604/164456", "correlationVector":"RAXwwtT4HU5K4B5SvZS+2f","action":"Initial GetUpdates", "result":"", "context":Reason: NEWLY_SUPPORTED_DATATYPE. cV=RAXwwtT4HU5K4B5SvZS+2f}
{"logTime": "0604/164456", "correlationVector":"RAXwwtT4HU5K4B5SvZS+2f.1","action":"SyncServerConnectionManagerRequest", "result":"SYNC_SERVER_OK", "context":{"environment":"Prod_WestEurope_000l", "migrationStage":"NotStarted", "server":"GENERAL03000030"}}
{"logTime": "0604/164456", "correlationVector":"RAXwwtT4HU5K4B5SvZS+2f.2","action":"GetUpdates Response", "result":"Success", "context":Received 43 update(s). cV=RAXwwtT4HU5K4B5SvZS+2f.0;server=GENERAL03000030;cloudType=Consumer;environment=Prod_WestEurope_000l;migrationStage=NotStarted}
{"logTime": "0604/164457", "correlationVector":"1Y+tDmzKrCjKQiJxzK9iB1","action":"Initial GetUpdates", "result":"", "context":Reason: NEWLY_SUPPORTED_DATATYPE. cV=1Y+tDmzKrCjKQiJxzK9iB1}
{"logTime": "0604/164457", "correlationVector":"1Y+tDmzKrCjKQiJxzK9iB1.1","action":"SyncServerConnectionManagerRequest", "result":"SYNC_SERVER_OK", "context":{"environment":"Prod_WestEurope_000l", "migrationStage":"NotStarted", "server":"GENERAL0300003O"}}
{"logTime": "0604/164457", "correlationVector":"1Y+tDmzKrCjKQiJxzK9iB1.2","action":"GetUpdates Response", "result":"Success", "context":Received 0 update(s). cV=1Y+tDmzKrCjKQiJxzK9iB1.0;server=GENERAL0300003O;cloudType=Consumer;environment=Prod_WestEurope_000l;migrationStage=NotStarted}
{"logTime": "0604/164457", "correlationVector":"Sb/iaxn4otOvq/kkr0YNdb","action":"SyncServerConnectionManagerRequest", "result":"SYNC_SERVER_OK", "context":{"environment":"", "migrationStage":"", "server":""}}
{"logTime": "0604/164457", "correlationVector":"saL8CNVTpLbL7yiUq5MN4d","action":"Normal GetUpdate request", "result":"", "context":cV=saL8CNVTpLbL7yiUq5MN4d
Nudged types: Sessions
Refresh requested types: Bookmarks, Preferences, Passwords, Autofill Profiles, Autofill, Typed URLs, Extensions, Sessions, Extension settings, History Delete Directives, Device Info, User Consents, Send Tab To Self, Web Apps, Collection, Edge E Drop, Edge Hub App Usage, Edge Tab Group, Edge Wallet, Encryption Keys}
{"logTime": "0604/164457", "correlationVector":"saL8CNVTpLbL7yiUq5MN4d.1","action":"SyncServerConnectionManagerRequest", "result":"SYNC_SERVER_OK", "context":{"environment":"Prod_WestEurope_000l", "migrationStage":"NotStarted", "server":"GENERAL0300002U"}}
{"logTime": "0604/164457", "correlationVector":"saL8CNVTpLbL7yiUq5MN4d.2","action":"GetUpdates", "result":"DeleteReceived", "context":{"id":"5db343b8-c98a-4f26-bca9-3b0334e2b80d", "isDeleted:":"true", "version":"1717519359354"}}
{"logTime": "0604/164457", "correlationVector":"saL8CNVTpLbL7yiUq5MN4d.3","action":"GetUpdates Response", "result":"Success", "context":Received 2 update(s). cV=saL8CNVTpLbL7yiUq5MN4d.0;server=GENERAL0300002U;cloudType=Consumer;environment=Prod_WestEurope_000l;migrationStage=NotStarted}
{"logTime": "0604/164457", "correlationVector":"i+4sdGCSK7gKCCFLdMCbcU","action":"Commit Request", "result":"", "context":Item count: 3
Contributing types: Sessions}
{"logTime": "0604/164457", "correlationVector":"i+4sdGCSK7gKCCFLdMCbcU.1","action":"SyncServerConnectionManagerRequest", "result":"SYNC_SERVER_OK", "context":{"environment":"Prod_WestEurope_000l", "migrationStage":"NotStarted", "server":"general03000003"}}
{"logTime": "0604/164457", "correlationVector":"i+4sdGCSK7gKCCFLdMCbcU.3","action":"Commit.Sessions", "result":"Success", "context":{"id":"01398eb2-f4c4-458c-96b5-7691072e0a95", "isDeleted":"true", "size":"0", "version":"1717519359353"}}
{"logTime": "0604/164457", "correlationVector":"i+4sdGCSK7gKCCFLdMCbcU.2","action":"Commit Response", "result":"Success", "context":Result: Success. cV=i+4sdGCSK7gKCCFLdMCbcU.0;server=general03000003;cloudType=Consumer;environment=Prod_WestEurope_000l;migrationStage=NotStarted}
{"logTime": "0604/164457", "correlationVector":"nIbPHPvHZX8RQQZj4EOh03","action":"Normal GetUpdate request", "result":"", "context":cV=nIbPHPvHZX8RQQZj4EOh03
Nudged types: Sessions
Refresh requested types: Bookmarks, Preferences, Passwords, Autofill Profiles, Autofill, Typed URLs, Extensions, Sessions, Extension settings, History Delete Directives, Device Info, User Consents, Send Tab To Self, Web Apps, Collection, Edge E Drop, Edge Hub App Usage, Edge Tab Group, Edge Wallet, Encryption Keys}
{"logTime": "0604/164457", "correlationVector":"nIbPHPvHZX8RQQZj4EOh03.1","action":"SyncServerConnectionManagerRequest", "result":"SYNC_SERVER_OK", "context":{"environment":"Prod_WestEurope_000l", "migrationStage":"NotStarted", "server":"GENERAL0300003U"}}
{"logTime": "0604/164457", "correlationVector":"nIbPHPvHZX8RQQZj4EOh03.2","action":"GetUpdates", "result":"DeleteReceived", "context":{"id":"01398eb2-f4c4-458c-96b5-7691072e0a95", "isDeleted:":"true", "version":"1717519493606"}}
{"logTime": "0604/164457", "correlationVector":"nIbPHPvHZX8RQQZj4EOh03.3","action":"GetUpdates Response", "result":"Success", "context":Received 3 update(s). cV=nIbPHPvHZX8RQQZj4EOh03.0;server=GENERAL0300003U;cloudType=Consumer;environment=Prod_WestEurope_000l;migrationStage=NotStarted}
{"logTime": "0604/164522", "correlationVector":"dLflEpeTSQi8SuaDgJXI05","action":"Commit Request", "result":"", "context":Item count: 1
Contributing types: Sessions}
{"logTime": "0604/164522", "correlationVector":"dLflEpeTSQi8SuaDgJXI05.1","action":"SyncServerConnectionManagerRequest", "result":"SYNC_SERVER_OK", "context":{"environment":"Prod_WestEurope_x00e", "migrationStage":"NotStarted", "server":"GENERAL0100002C"}}
{"logTime": "0604/164522", "correlationVector":"dLflEpeTSQi8SuaDgJXI05.2","action":"Commit Response", "result":"Success", "context":Result: Success. cV=dLflEpeTSQi8SuaDgJXI05.0;server=GENERAL0100002C;cloudType=Consumer;environment=Prod_WestEurope_x00e;migrationStage=NotStarted}
{"logTime": "0604/170655", "correlationVector":"pu6W8TKHKmpl/l5rKzKUXv.1","action":"SyncServerConnectionManagerRequest", "result":"SYNC_SERVER_OK", "context":{"environment":"Prod_WestEurope_000l", "migrationStage":"NotStarted", "server":"GENERAL0300001I"}}
{"logTime": "0604/170655", "correlationVector":"pu6W8TKHKmpl/l5rKzKUXv","action":"Initial GetUpdates", "result":"", "context":Reason: NEW_CLIENT. cV=pu6W8TKHKmpl/l5rKzKUXv}
{"logTime": "0604/170655", "correlationVector":"pu6W8TKHKmpl/l5rKzKUXv.2","action":"GetUpdates Response", "result":"Success", "context":Received 1 update(s). cV=pu6W8TKHKmpl/l5rKzKUXv.0;server=GENERAL0300001I;cloudType=Consumer;environment=Prod_WestEurope_000l;migrationStage=NotStarted}
{"logTime": "0604/170655", "correlationVector":"mDf7RMA9ZcQPLddTMLzUTX","action":"Initial GetUpdates", "result":"", "context":Reason: NEWLY_SUPPORTED_DATATYPE. cV=mDf7RMA9ZcQPLddTMLzUTX}
{"logTime": "0604/170655", "correlationVector":"mDf7RMA9ZcQPLddTMLzUTX.1","action":"SyncServerConnectionManagerRequest", "result":"SYNC_SERVER_OK", "context":{"environment":"Prod_WestEurope_000l", "migrationStage":"NotStarted", "server":"GENERAL01000006"}}
{"logTime": "0604/170655", "correlationVector":"mDf7RMA9ZcQPLddTMLzUTX.2","action":"GetUpdates Response", "result":"Success", "context":Received 43 update(s). cV=mDf7RMA9ZcQPLddTMLzUTX.0;server=GENERAL01000006;cloudType=Consumer;environment=Prod_WestEurope_000l;migrationStage=NotStarted}
{"logTime": "0604/170655", "correlationVector":"nllITq3ICp9Nli7UENMKYT","action":"Initial GetUpdates", "result":"", "context":Reason: NEWLY_SUPPORTED_DATATYPE. cV=nllITq3ICp9Nli7UENMKYT}
{"logTime": "0604/170655", "correlationVector":"nllITq3ICp9Nli7UENMKYT.1","action":"SyncServerConnectionManagerRequest", "result":"SYNC_SERVER_OK", "context":{"environment":"Prod_WestEurope_000l", "migrationStage":"NotStarted", "server":"general0100000P"}}
{"logTime": "0604/170655", "correlationVector":"nllITq3ICp9Nli7UENMKYT.2","action":"GetUpdates Response", "result":"Success", "context":Received 0 update(s). cV=nllITq3ICp9Nli7UENMKYT.0;server=general0100000P;cloudType=Consumer;environment=Prod_WestEurope_000l;migrationStage=NotStarted}
{"logTime": "0604/170655", "correlationVector":"px2o6wQJsaZT/7/FgIGkB1","action":"Normal GetUpdate request", "result":"", "context":cV=px2o6wQJsaZT/7/FgIGkB1
Nudged types: Sessions
Refresh requested types: Bookmarks, Preferences, Passwords, Autofill Profiles, Autofill, Typed URLs, Extensions, Sessions, Extension settings, History Delete Directives, Device Info, User Consents, Send Tab To Self, Web Apps, Collection, Edge E Drop, Edge Hub App Usage, Edge Tab Group, Edge Wallet, Encryption Keys}
{"logTime": "0604/170655", "correlationVector":"px2o6wQJsaZT/7/FgIGkB1.1","action":"SyncServerConnectionManagerRequest", "result":"SYNC_SERVER_OK", "context":{"environment":"Prod_WestEurope_000l", "migrationStage":"NotStarted", "server":"general03000003"}}
{"logTime": "0604/170655", "correlationVector":"px2o6wQJsaZT/7/FgIGkB1.2","action":"GetUpdates Response", "result":"Success", "context":Received 1 update(s). cV=px2o6wQJsaZT/7/FgIGkB1.0;server=general03000003;cloudType=Consumer;environment=Prod_WestEurope_000l;migrationStage=NotStarted}
{"logTime": "0604/170655", "correlationVector":"GTlXoZsz3Q3fV2elEBzci2","action":"Commit Request", "result":"", "context":Item count: 3
Contributing types: Sessions}
{"logTime": "0604/170655", "correlationVector":"GTlXoZsz3Q3fV2elEBzci2.1","action":"SyncServerConnectionManagerRequest", "result":"SYNC_SERVER_OK", "context":{"environment":"Prod_WestEurope_000l", "migrationStage":"NotStarted", "server":"GENERAL0300001F"}}
{"logTime": "0604/170655", "correlationVector":"GTlXoZsz3Q3fV2elEBzci2.3","action":"Commit.Sessions", "result":"Success", "context":{"id":"bf4ea801-d96c-402e-89e8-e9df9d6f3d6f", "isDeleted":"true", "size":"0", "version":"1717519523521"}}
{"logTime": "0604/170655", "correlationVector":"GTlXoZsz3Q3fV2elEBzci2.2","action":"Commit Response", "result":"Success", "context":Result: Success. cV=GTlXoZsz3Q3fV2elEBzci2.0;server=GENERAL0300001F;cloudType=Consumer;environment=Prod_WestEurope_000l;migrationStage=NotStarted}
{"logTime": "0604/171904", "correlationVector":"T6KnHlakCgifJRbd7svElG.1","action":"SyncServerConnectionManagerRequest", "result":"SYNC_SERVER_OK", "context":{"environment":"Prod_WestEurope_000l", "migrationStage":"NotStarted", "server":"GENERAL0100000L"}}
{"logTime": "0604/171904", "correlationVector":"T6KnHlakCgifJRbd7svElG","action":"Initial GetUpdates", "result":"", "context":Reason: NEW_CLIENT. cV=T6KnHlakCgifJRbd7svElG}
{"logTime": "0604/171904", "correlationVector":"T6KnHlakCgifJRbd7svElG.2","action":"GetUpdates Response", "result":"Success", "context":Received 1 update(s). cV=T6KnHlakCgifJRbd7svElG.0;server=GENERAL0100000L;cloudType=Consumer;environment=Prod_WestEurope_000l;migrationStage=NotStarted}
{"logTime": "0604/171904", "correlationVector":"Q88EklFx6uIdJsj/1YnO63","action":"Initial GetUpdates", "result":"", "context":Reason: NEWLY_SUPPORTED_DATATYPE. cV=Q88EklFx6uIdJsj/1YnO63}
{"logTime": "0604/171904", "correlationVector":"Q88EklFx6uIdJsj/1YnO63.1","action":"SyncServerConnectionManagerRequest", "result":"SYNC_SERVER_OK", "context":{"environment":"Prod_WestEurope_000l", "migrationStage":"NotStarted", "server":"GENERAL03000015"}}
{"logTime": "0604/171904", "correlationVector":"Q88EklFx6uIdJsj/1YnO63.2","action":"GetUpdates Response", "result":"Success", "context":Received 43 update(s). cV=Q88EklFx6uIdJsj/1YnO63.0;server=GENERAL03000015;cloudType=Consumer;environment=Prod_WestEurope_000l;migrationStage=NotStarted}
{"logTime": "0604/171904", "correlationVector":"nnhe/ERdwemQhK9UOtaXj0","action":"Initial GetUpdates", "result":"", "context":Reason: NEWLY_SUPPORTED_DATATYPE. cV=nnhe/ERdwemQhK9UOtaXj0}
{"logTime": "0604/171904", "correlationVector":"nnhe/ERdwemQhK9UOtaXj0.1","action":"SyncServerConnectionManagerRequest", "result":"SYNC_SERVER_OK", "context":{"environment":"Prod_WestEurope_000l", "migrationStage":"NotStarted", "server":"GENERAL01000020"}}
{"logTime": "0604/171904", "correlationVector":"nnhe/ERdwemQhK9UOtaXj0.2","action":"GetUpdates Response", "result":"Success", "context":Received 0 update(s). cV=nnhe/ERdwemQhK9UOtaXj0.0;server=GENERAL01000020;cloudType=Consumer;environment=Prod_WestEurope_000l;migrationStage=NotStarted}
{"logTime": "0604/171904", "correlationVector":"8bqp5pCwOOcGV6uYj8XseF","action":"SyncServerConnectionManagerRequest", "result":"SYNC_SERVER_OK", "context":{"environment":"", "migrationStage":"", "server":""}}
{"logTime": "0604/171904", "correlationVector":"KR9BGvKESJneGbvtnF1yJd","action":"Normal GetUpdate request", "result":"", "context":cV=KR9BGvKESJneGbvtnF1yJd
Nudged types: Sessions
Refresh requested types: Bookmarks, Preferences, Passwords, Autofill Profiles, Autofill, Typed URLs, Extensions, Sessions, Extension settings, History Delete Directives, Device Info, User Consents, Send Tab To Self, Web Apps, Collection, Edge E Drop, Edge Hub App Usage, Edge Tab Group, Edge Wallet, Encryption Keys}
{"logTime": "0604/171904", "correlationVector":"KR9BGvKESJneGbvtnF1yJd.1","action":"SyncServerConnectionManagerRequest", "result":"SYNC_SERVER_OK", "context":{"environment":"Prod_WestEurope_000l", "migrationStage":"NotStarted", "server":"GENERAL03000005"}}
{"logTime": "0604/171904", "correlationVector":"KR9BGvKESJneGbvtnF1yJd.2","action":"GetUpdates", "result":"DeleteReceived", "context":{"id":"bf4ea801-d96c-402e-89e8-e9df9d6f3d6f", "isDeleted:":"true", "version":"1717520809419"}}
{"logTime": "0604/171904", "correlationVector":"KR9BGvKESJneGbvtnF1yJd.3","action":"GetUpdates Response", "result":"Success", "context":Received 3 update(s). cV=KR9BGvKESJneGbvtnF1yJd.0;server=GENERAL03000005;cloudType=Consumer;environment=Prod_WestEurope_000l;migrationStage=NotStarted}
{"logTime": "0604/171904", "correlationVector":"ewgUGGWBxaBJ5Zs4G3GF1h","action":"Commit Request", "result":"", "context":Item count: 3
Contributing types: Sessions}
{"logTime": "0604/171904", "correlationVector":"ewgUGGWBxaBJ5Zs4G3GF1h.1","action":"SyncServerConnectionManagerRequest", "result":"SYNC_SERVER_OK", "context":{"environment":"Prod_WestEurope_000l", "migrationStage":"NotStarted", "server":"GENERAL0300003F"}}
{"logTime": "0604/171904", "correlationVector":"ewgUGGWBxaBJ5Zs4G3GF1h.3","action":"Commit.Sessions", "result":"Success", "context":{"id":"d99f5a46-d618-42a6-9bcd-59b716fc1e23", "isDeleted":"true", "size":"0", "version":"1717520809417"}}
{"logTime": "0604/171904", "correlationVector":"ewgUGGWBxaBJ5Zs4G3GF1h.2","action":"Commit Response", "result":"Success", "context":Result: Success. cV=ewgUGGWBxaBJ5Zs4G3GF1h.0;server=GENERAL0300003F;cloudType=Consumer;environment=Prod_WestEurope_000l;migrationStage=NotStarted}
{"logTime": "0604/171904", "correlationVector":"wtuMexWtAIp5+VVt5iGW/Q","action":"Normal GetUpdate request", "result":"", "context":cV=wtuMexWtAIp5+VVt5iGW/Q
Nudged types: Sessions
Refresh requested types: Bookmarks, Preferences, Passwords, Autofill Profiles, Autofill, Typed URLs, Extensions, Sessions, Extension settings, History Delete Directives, Device Info, User Consents, Send Tab To Self, Web Apps, Collection, Edge E Drop, Edge Hub App Usage, Edge Tab Group, Edge Wallet, Encryption Keys}
{"logTime": "0604/171904", "correlationVector":"wtuMexWtAIp5+VVt5iGW/Q.1","action":"SyncServerConnectionManagerRequest", "result":"SYNC_SERVER_OK", "context":{"environment":"Prod_WestEurope_000l", "migrationStage":"NotStarted", "server":"general03000003"}}
{"logTime": "0604/171904", "correlationVector":"wtuMexWtAIp5+VVt5iGW/Q.2","action":"GetUpdates", "result":"DeleteReceived", "context":{"id":"d99f5a46-d618-42a6-9bcd-59b716fc1e23", "isDeleted:":"true", "version":"1717521540268"}}
{"logTime": "0604/171904", "correlationVector":"wtuMexWtAIp5+VVt5iGW/Q.3","action":"GetUpdates Response", "result":"Success", "context":Received 3 update(s). cV=wtuMexWtAIp5+VVt5iGW/Q.0;server=general03000003;cloudType=Consumer;environment=Prod_WestEurope_000l;migrationStage=NotStarted}
{"logTime": "0604/172541", "correlationVector":"6+owWrQMktXQnJ2yL8d9ml.1","action":"SyncServerConnectionManagerRequest", "result":"SYNC_SERVER_OK", "context":{"environment":"Prod_WestEurope_000l", "migrationStage":"NotStarted", "server":"GENERAL01000014"}}
{"logTime": "0604/172541", "correlationVector":"6+owWrQMktXQnJ2yL8d9ml","action":"Initial GetUpdates", "result":"", "context":Reason: NEW_CLIENT. cV=6+owWrQMktXQnJ2yL8d9ml}
{"logTime": "0604/172541", "correlationVector":"6+owWrQMktXQnJ2yL8d9ml.2","action":"GetUpdates Response", "result":"Success", "context":Received 1 update(s). cV=6+owWrQMktXQnJ2yL8d9ml.0;server=GENERAL01000014;cloudType=Consumer;environment=Prod_WestEurope_000l;migrationStage=NotStarted}
{"logTime": "0604/172541", "correlationVector":"fjlcxJY1OFgDH4xcEPjG1P","action":"Initial GetUpdates", "result":"", "context":Reason: NEWLY_SUPPORTED_DATATYPE. cV=fjlcxJY1OFgDH4xcEPjG1P}
{"logTime": "0604/172541", "correlationVector":"fjlcxJY1OFgDH4xcEPjG1P.1","action":"SyncServerConnectionManagerRequest", "result":"SYNC_SERVER_OK", "context":{"environment":"Prod_WestEurope_000l", "migrationStage":"NotStarted", "server":"general0100000P"}}
{"logTime": "0604/172541", "correlationVector":"fjlcxJY1OFgDH4xcEPjG1P.2","action":"GetUpdates Response", "result":"Success", "context":Received 43 update(s). cV=fjlcxJY1OFgDH4xcEPjG1P.0;server=general0100000P;cloudType=Consumer;environment=Prod_WestEurope_000l;migrationStage=NotStarted}
{"logTime": "0604/172541", "correlationVector":"uTrBd2x+Q6HPgkPqgDFkZt","action":"Initial GetUpdates", "result":"", "context":Reason: NEWLY_SUPPORTED_DATATYPE. cV=uTrBd2x+Q6HPgkPqgDFkZt}
{"logTime": "0604/172541", "correlationVector":"uTrBd2x+Q6HPgkPqgDFkZt.1","action":"SyncServerConnectionManagerRequest", "result":"SYNC_SERVER_OK", "context":{"environment":"Prod_WestEurope_000l", "migrationStage":"NotStarted", "server":"GENERAL0300003U"}}
{"logTime": "0604/172541", "correlationVector":"uTrBd2x+Q6HPgkPqgDFkZt.2","action":"GetUpdates Response", "result":"Success", "context":Received 0 update(s). cV=uTrBd2x+Q6HPgkPqgDFkZt.0;server=GENERAL0300003U;cloudType=Consumer;environment=Prod_WestEurope_000l;migrationStage=NotStarted}
{"logTime": "0604/172541", "correlationVector":"X3enHdmYbQK6iJHPY+sRzO","action":"Normal GetUpdate request", "result":"", "context":cV=X3enHdmYbQK6iJHPY+sRzO
Nudged types: Sessions
Refresh requested types: Bookmarks, Preferences, Passwords, Autofill Profiles, Autofill, Typed URLs, Extensions, Sessions, Extension settings, History Delete Directives, Device Info, User Consents, Send Tab To Self, Web Apps, Collection, Edge E Drop, Edge Hub App Usage, Edge Tab Group, Edge Wallet, Encryption Keys}
{"logTime": "0604/172541", "correlationVector":"X3enHdmYbQK6iJHPY+sRzO.1","action":"SyncServerConnectionManagerRequest", "result":"SYNC_SERVER_OK", "context":{"environment":"Prod_WestEurope_000l", "migrationStage":"NotStarted", "server":"GENERAL01000003"}}
{"logTime": "0604/172541", "correlationVector":"X3enHdmYbQK6iJHPY+sRzO.2","action":"GetUpdates Response", "result":"Success", "context":Received 0 update(s). cV=X3enHdmYbQK6iJHPY+sRzO.0;server=GENERAL01000003;cloudType=Consumer;environment=Prod_WestEurope_000l;migrationStage=NotStarted}
{"logTime": "0604/172541", "correlationVector":"euzU9xQh2Sdutx2xmwNP5h","action":"Commit Request", "result":"", "context":Item count: 3
Contributing types: Sessions}
{"logTime": "0604/172541", "correlationVector":"euzU9xQh2Sdutx2xmwNP5h.1","action":"SyncServerConnectionManagerRequest", "result":"SYNC_SERVER_OK", "context":{"environment":"Prod_WestEurope_000l", "migrationStage":"NotStarted", "server":"GENERAL01000006"}}
{"logTime": "0604/172541", "correlationVector":"euzU9xQh2Sdutx2xmwNP5h.2","action":"Commit Response", "result":"Success", "context":Result: Success. cV=euzU9xQh2Sdutx2xmwNP5h.0;server=GENERAL01000006;cloudType=Consumer;environment=Prod_WestEurope_000l;migrationStage=NotStarted}
{"logTime": "0604/172606", "correlationVector":"F1EmDk+hcIR6QAwSKshxOV","action":"SyncServerConnectionManagerRequest", "result":"SYNC_SERVER_OK", "context":{"environment":"", "migrationStage":"", "server":""}}
{"logTime": "0604/172606", "correlationVector":"dy7vbIB4JMeAKQNuyttyKI","action":"Normal GetUpdate request", "result":"", "context":cV=dy7vbIB4JMeAKQNuyttyKI
Nudged types: Sessions}
{"logTime": "0604/172606", "correlationVector":"dy7vbIB4JMeAKQNuyttyKI.1","action":"SyncServerConnectionManagerRequest", "result":"SYNC_SERVER_OK", "context":{"environment":"Prod_WestEurope_000l", "migrationStage":"NotStarted", "server":"GENERAL01000018"}}
{"logTime": "0604/172606", "correlationVector":"dy7vbIB4JMeAKQNuyttyKI.2","action":"GetUpdates Response", "result":"Success", "context":Received 3 update(s). cV=dy7vbIB4JMeAKQNuyttyKI.0;server=GENERAL01000018;cloudType=Consumer;environment=Prod_WestEurope_000l;migrationStage=NotStarted}
{"logTime": "0604/172606", "correlationVector":"DCXJMRfvXF54n/GI5aCxyx","action":"Commit Request", "result":"", "context":Item count: 2
Contributing types: Sessions}
{"logTime": "0604/175709", "correlationVector":"aVj5TTlMMfUfq0vGn5dSow.1","action":"SyncServerConnectionManagerRequest", "result":"SYNC_SERVER_OK", "context":{"environment":"Prod_WestEurope_000l", "migrationStage":"NotStarted", "server":"GENERAL0300003A"}}
{"logTime": "0604/175709", "correlationVector":"aVj5TTlMMfUfq0vGn5dSow","action":"Initial GetUpdates", "result":"", "context":Reason: NEW_CLIENT. cV=aVj5TTlMMfUfq0vGn5dSow}
{"logTime": "0604/175709", "correlationVector":"aVj5TTlMMfUfq0vGn5dSow.2","action":"GetUpdates Response", "result":"Success", "context":Received 1 update(s). cV=aVj5TTlMMfUfq0vGn5dSow.0;server=GENERAL0300003A;cloudType=Consumer;environment=Prod_WestEurope_000l;migrationStage=NotStarted}
{"logTime": "0604/175709", "correlationVector":"CKohFtjywIRCGBJRQKccOW","action":"Initial GetUpdates", "result":"", "context":Reason: NEWLY_SUPPORTED_DATATYPE. cV=CKohFtjywIRCGBJRQKccOW}
{"logTime": "0604/175709", "correlationVector":"CKohFtjywIRCGBJRQKccOW.1","action":"SyncServerConnectionManagerRequest", "result":"SYNC_SERVER_OK", "context":{"environment":"Prod_WestEurope_000l", "migrationStage":"NotStarted", "server":"general0100000F"}}
{"logTime": "0604/175709", "correlationVector":"CKohFtjywIRCGBJRQKccOW.2","action":"GetUpdates Response", "result":"Success", "context":Received 43 update(s). cV=CKohFtjywIRCGBJRQKccOW.0;server=general0100000F;cloudType=Consumer;environment=Prod_WestEurope_000l;migrationStage=NotStarted}
{"logTime": "0604/175709", "correlationVector":"i45vhSlRJJy/zOyGxME6cj","action":"Initial GetUpdates", "result":"", "context":Reason: NEWLY_SUPPORTED_DATATYPE. cV=i45vhSlRJJy/zOyGxME6cj}
{"logTime": "0604/175709", "correlationVector":"i45vhSlRJJy/zOyGxME6cj.1","action":"SyncServerConnectionManagerRequest", "result":"SYNC_SERVER_OK", "context":{"environment":"Prod_WestEurope_000l", "migrationStage":"NotStarted", "server":"GENERAL0100000O"}}
{"logTime": "0604/175709", "correlationVector":"i45vhSlRJJy/zOyGxME6cj.2","action":"GetUpdates Response", "result":"Success", "context":Received 0 update(s). cV=i45vhSlRJJy/zOyGxME6cj.0;server=GENERAL0100000O;cloudType=Consumer;environment=Prod_WestEurope_000l;migrationStage=NotStarted}
{"logTime": "0604/175709", "correlationVector":"Y/KW0PdgJi0IaQBxUYK52+","action":"SyncServerConnectionManagerRequest", "result":"SYNC_SERVER_OK", "context":{"environment":"", "migrationStage":"", "server":""}}
{"logTime": "0604/175709", "correlationVector":"O6+N8p1fxfXoWJNgAPsZez","action":"Normal GetUpdate request", "result":"", "context":cV=O6+N8p1fxfXoWJNgAPsZez
Nudged types: Sessions
Refresh requested types: Bookmarks, Preferences, Passwords, Autofill Profiles, Autofill, Typed URLs, Extensions, Sessions, Extension settings, History Delete Directives, Device Info, User Consents, Send Tab To Self, Web Apps, Collection, Edge E Drop, Edge Hub App Usage, Edge Tab Group, Edge Wallet, Encryption Keys}
{"logTime": "0604/175709", "correlationVector":"O6+N8p1fxfXoWJNgAPsZez.1","action":"SyncServerConnectionManagerRequest", "result":"SYNC_SERVER_OK", "context":{"environment":"Prod_WestEurope_000l", "migrationStage":"NotStarted", "server":"GENERAL0300003A"}}
{"logTime": "0604/175709", "correlationVector":"O6+N8p1fxfXoWJNgAPsZez.2","action":"GetUpdates", "result":"DeleteReceived", "context":{"id":"60cf868a-5498-4dc3-bfc8-e6eea27edd45", "isDeleted:":"true", "version":"1717521967794"}}
{"logTime": "0604/175709", "correlationVector":"O6+N8p1fxfXoWJNgAPsZez.3","action":"GetUpdates Response", "result":"Success", "context":Received 4 update(s). cV=O6+N8p1fxfXoWJNgAPsZez.0;server=GENERAL0300003A;cloudType=Consumer;environment=Prod_WestEurope_000l;migrationStage=NotStarted}
{"logTime": "0604/175709", "correlationVector":"JsBkQRidLLS8UdsIPQ34r3","action":"Normal GetUpdate request", "result":"", "context":cV=JsBkQRidLLS8UdsIPQ34r3
Refresh requested types: Bookmarks, Preferences, Passwords, Autofill Profiles, Autofill, Typed URLs, Extensions, Sessions, Extension settings, History Delete Directives, Device Info, User Consents, Send Tab To Self, Web Apps, Collection, Edge E Drop, Edge Hub App Usage, Edge Tab Group, Edge Wallet, Encryption Keys}
{"logTime": "0604/175709", "correlationVector":"JsBkQRidLLS8UdsIPQ34r3.1","action":"SyncServerConnectionManagerRequest", "result":"SYNC_SERVER_OK", "context":{"environment":"Prod_WestEurope_000l", "migrationStage":"NotStarted", "server":"general03000002"}}
{"logTime": "0604/175709", "correlationVector":"JsBkQRidLLS8UdsIPQ34r3.2","action":"GetUpdates Response", "result":"Success", "context":Received 0 update(s). cV=JsBkQRidLLS8UdsIPQ34r3.0;server=general03000002;cloudType=Consumer;environment=Prod_WestEurope_000l;migrationStage=NotStarted}
{"logTime": "0604/175733", "correlationVector":"y0RKSIOymsne1L6U3uscrJ","action":"Commit Request", "result":"", "context":Item count: 2
Contributing types: Sessions}
{"logTime": "0604/175733", "correlationVector":"y0RKSIOymsne1L6U3uscrJ.1","action":"SyncServerConnectionManagerRequest", "result":"SYNC_SERVER_OK", "context":{"environment":"Prod_WestEurope_000l", "migrationStage":"NotStarted", "server":"GENERAL0300003A"}}
{"logTime": "0604/175733", "correlationVector":"y0RKSIOymsne1L6U3uscrJ.2","action":"Commit Response", "result":"Success", "context":Result: Success. cV=y0RKSIOymsne1L6U3uscrJ.0;server=GENERAL0300003A;cloudType=Consumer;environment=Prod_WestEurope_000l;migrationStage=NotStarted}
{"logTime": "0604/182013", "correlationVector":"tgPWaYEzN+ul1Da0fp0zs1.1","action":"SyncServerConnectionManagerRequest", "result":"SYNC_SERVER_OK", "context":{"environment":"Prod_WestEurope_000l", "migrationStage":"NotStarted", "server":"GENERAL03000005"}}
{"logTime": "0604/182013", "correlationVector":"tgPWaYEzN+ul1Da0fp0zs1","action":"Initial GetUpdates", "result":"", "context":Reason: NEW_CLIENT. cV=tgPWaYEzN+ul1Da0fp0zs1}
{"logTime": "0604/182013", "correlationVector":"tgPWaYEzN+ul1Da0fp0zs1.2","action":"GetUpdates Response", "result":"Success", "context":Received 1 update(s). cV=tgPWaYEzN+ul1Da0fp0zs1.0;server=GENERAL03000005;cloudType=Consumer;environment=Prod_WestEurope_000l;migrationStage=NotStarted}
{"logTime": "0604/182013", "correlationVector":"hiU3bN/vxTgT8cT7SB14z5","action":"Initial GetUpdates", "result":"", "context":Reason: NEWLY_SUPPORTED_DATATYPE. cV=hiU3bN/vxTgT8cT7SB14z5}
{"logTime": "0604/182013", "correlationVector":"hiU3bN/vxTgT8cT7SB14z5.1","action":"SyncServerConnectionManagerRequest", "result":"SYNC_SERVER_OK", "context":{"environment":"Prod_WestEurope_000l", "migrationStage":"NotStarted", "server":"GENERAL0100000O"}}
{"logTime": "0604/182013", "correlationVector":"hiU3bN/vxTgT8cT7SB14z5.2","action":"GetUpdates Response", "result":"Success", "context":Received 43 update(s). cV=hiU3bN/vxTgT8cT7SB14z5.0;server=GENERAL0100000O;cloudType=Consumer;environment=Prod_WestEurope_000l;migrationStage=NotStarted}
{"logTime": "0604/182013", "correlationVector":"vn5C09FuHffn2OMm+AzwY6","action":"Initial GetUpdates", "result":"", "context":Reason: NEWLY_SUPPORTED_DATATYPE. cV=vn5C09FuHffn2OMm+AzwY6}
{"logTime": "0604/182013", "correlationVector":"vn5C09FuHffn2OMm+AzwY6.1","action":"SyncServerConnectionManagerRequest", "result":"SYNC_SERVER_OK", "context":{"environment":"Prod_WestEurope_000l", "migrationStage":"NotStarted", "server":"GENERAL0300000V"}}
{"logTime": "0604/182013", "correlationVector":"vn5C09FuHffn2OMm+AzwY6.2","action":"GetUpdates Response", "result":"Success", "context":Received 0 update(s). cV=vn5C09FuHffn2OMm+AzwY6.0;server=GENERAL0300000V;cloudType=Consumer;environment=Prod_WestEurope_000l;migrationStage=NotStarted}
{"logTime": "0604/182013", "correlationVector":"mAI3OkrHJ5gXwbJKPB6Xi4","action":"Normal GetUpdate request", "result":"", "context":cV=mAI3OkrHJ5gXwbJKPB6Xi4
Nudged types: Sessions
Refresh requested types: Bookmarks, Preferences, Passwords, Autofill Profiles, Autofill, Typed URLs, Extensions, Sessions, Extension settings, History Delete Directives, Device Info, User Consents, Send Tab To Self, Web Apps, Collection, Edge E Drop, Edge Hub App Usage, Edge Tab Group, Edge Wallet, Encryption Keys}
{"logTime": "0604/182013", "correlationVector":"mAI3OkrHJ5gXwbJKPB6Xi4.1","action":"SyncServerConnectionManagerRequest", "result":"SYNC_SERVER_OK", "context":{"environment":"Prod_WestEurope_000l", "migrationStage":"NotStarted", "server":"GENERAL01000009"}}
{"logTime": "0604/182013", "correlationVector":"mAI3OkrHJ5gXwbJKPB6Xi4.2","action":"GetUpdates Response", "result":"Success", "context":Received 2 update(s). cV=mAI3OkrHJ5gXwbJKPB6Xi4.0;server=GENERAL01000009;cloudType=Consumer;environment=Prod_WestEurope_000l;migrationStage=NotStarted}
{"logTime": "0604/182013", "correlationVector":"bGw99a0T0lC722sKPbTRQa","action":"Commit Request", "result":"", "context":Item count: 3
Contributing types: Sessions}
{"logTime": "0604/182013", "correlationVector":"bGw99a0T0lC722sKPbTRQa.1","action":"SyncServerConnectionManagerRequest", "result":"SYNC_SERVER_OK", "context":{"environment":"Prod_WestEurope_000l", "migrationStage":"NotStarted", "server":"GENERAL0100000H"}}
{"logTime": "0604/182013", "correlationVector":"bGw99a0T0lC722sKPbTRQa.3","action":"Commit.Sessions", "result":"Success", "context":{"id":"ad51741d-7672-439f-a4a6-9347d31ed641", "isDeleted":"true", "size":"0", "version":"1717523855170"}}
{"logTime": "0604/182013", "correlationVector":"bGw99a0T0lC722sKPbTRQa.2","action":"Commit Response", "result":"Success", "context":Result: Success. cV=bGw99a0T0lC722sKPbTRQa.0;server=GENERAL0100000H;cloudType=Consumer;environment=Prod_WestEurope_000l;migrationStage=NotStarted}
{"logTime": "0604/182419", "correlationVector":"qEWB/UZyFXhIsTSPiJ/Wz6.1","action":"SyncServerConnectionManagerRequest", "result":"SYNC_SERVER_OK", "context":{"environment":"Prod_WestEurope_000l", "migrationStage":"NotStarted", "server":"GENERAL01000020"}}
{"logTime": "0604/182419", "correlationVector":"qEWB/UZyFXhIsTSPiJ/Wz6","action":"Initial GetUpdates", "result":"", "context":Reason: NEW_CLIENT. cV=qEWB/UZyFXhIsTSPiJ/Wz6}
{"logTime": "0604/182419", "correlationVector":"qEWB/UZyFXhIsTSPiJ/Wz6.2","action":"GetUpdates Response", "result":"Success", "context":Received 1 update(s). cV=qEWB/UZyFXhIsTSPiJ/Wz6.0;server=GENERAL01000020;cloudType=Consumer;environment=Prod_WestEurope_000l;migrationStage=NotStarted}
{"logTime": "0604/182419", "correlationVector":"9caJIvAe+fqkqaEM7+JDQp","action":"Initial GetUpdates", "result":"", "context":Reason: NEWLY_SUPPORTED_DATATYPE. cV=9caJIvAe+fqkqaEM7+JDQp}
{"logTime": "0604/182419", "correlationVector":"9caJIvAe+fqkqaEM7+JDQp.1","action":"SyncServerConnectionManagerRequest", "result":"SYNC_SERVER_OK", "context":{"environment":"Prod_WestEurope_000l", "migrationStage":"NotStarted", "server":"general0100001B"}}
{"logTime": "0604/182419", "correlationVector":"9caJIvAe+fqkqaEM7+JDQp.2","action":"GetUpdates Response", "result":"Success", "context":Received 43 update(s). cV=9caJIvAe+fqkqaEM7+JDQp.0;server=general0100001B;cloudType=Consumer;environment=Prod_WestEurope_000l;migrationStage=NotStarted}
{"logTime": "0604/182419", "correlationVector":"fOv1QYYAQ5OAIIEFCq0rQT","action":"Initial GetUpdates", "result":"", "context":Reason: NEWLY_SUPPORTED_DATATYPE. cV=fOv1QYYAQ5OAIIEFCq0rQT}
{"logTime": "0604/182419", "correlationVector":"fOv1QYYAQ5OAIIEFCq0rQT.1","action":"SyncServerConnectionManagerRequest", "result":"SYNC_SERVER_OK", "context":{"environment":"Prod_WestEurope_000l", "migrationStage":"NotStarted", "server":"GENERAL01000020"}}
{"logTime": "0604/182419", "correlationVector":"fOv1QYYAQ5OAIIEFCq0rQT.2","action":"GetUpdates Response", "result":"Success", "context":Received 0 update(s). cV=fOv1QYYAQ5OAIIEFCq0rQT.0;server=GENERAL01000020;cloudType=Consumer;environment=Prod_WestEurope_000l;migrationStage=NotStarted}
{"logTime": "0604/182419", "correlationVector":"A9wGqTKjR1D8gngVHW1iFz","action":"Normal GetUpdate request", "result":"", "context":cV=A9wGqTKjR1D8gngVHW1iFz
Nudged types: Sessions
Refresh requested types: Bookmarks, Preferences, Passwords, Autofill Profiles, Autofill, Typed URLs, Extensions, Sessions, Extension settings, History Delete Directives, Device Info, User Consents, Send Tab To Self, Web Apps, Collection, Edge E Drop, Edge Hub App Usage, Edge Tab Group, Edge Wallet, Encryption Keys}
{"logTime": "0604/182419", "correlationVector":"A9wGqTKjR1D8gngVHW1iFz.1","action":"SyncServerConnectionManagerRequest", "result":"SYNC_SERVER_OK", "context":{"environment":"Prod_WestEurope_000l", "migrationStage":"NotStarted", "server":"GENERAL03000028"}}
{"logTime": "0604/182419", "correlationVector":"A9wGqTKjR1D8gngVHW1iFz.2","action":"GetUpdates", "result":"DeleteReceived", "context":{"id":"ad51741d-7672-439f-a4a6-9347d31ed641", "isDeleted:":"true", "version":"1717525208894"}}
{"logTime": "0604/182419", "correlationVector":"A9wGqTKjR1D8gngVHW1iFz.3","action":"GetUpdates Response", "result":"Success", "context":Received 3 update(s). cV=A9wGqTKjR1D8gngVHW1iFz.0;server=GENERAL03000028;cloudType=Consumer;environment=Prod_WestEurope_000l;migrationStage=NotStarted}
{"logTime": "0604/182419", "correlationVector":"VdVZkCo5i+2G73WuICeSJm","action":"Commit Request", "result":"", "context":Item count: 3
Contributing types: Sessions}
{"logTime": "0604/182419", "correlationVector":"VdVZkCo5i+2G73WuICeSJm.1","action":"SyncServerConnectionManagerRequest", "result":"SYNC_SERVER_OK", "context":{"environment":"Prod_WestEurope_000l", "migrationStage":"NotStarted", "server":"GENERAL0100000O"}}
{"logTime": "0604/182419", "correlationVector":"VdVZkCo5i+2G73WuICeSJm.2","action":"Commit Response", "result":"Success", "context":Result: Success. cV=VdVZkCo5i+2G73WuICeSJm.0;server=GENERAL0100000O;cloudType=Consumer;environment=Prod_WestEurope_000l;migrationStage=NotStarted}
{"logTime": "0604/182440", "correlationVector":"j5rz2aWdmfjNVBho2IOzHp","action":"SyncServerConnectionManagerRequest", "result":"SYNC_SERVER_OK", "context":{"environment":"", "migrationStage":"", "server":""}}
{"logTime": "0604/182440", "correlationVector":"d6jWvaOvCGzHApSONSKFtK","action":"Normal GetUpdate request", "result":"", "context":cV=d6jWvaOvCGzHApSONSKFtK
Nudged types: Sessions}
{"logTime": "0604/182440", "correlationVector":"d6jWvaOvCGzHApSONSKFtK.1","action":"SyncServerConnectionManagerRequest", "result":"SYNC_SERVER_OK", "context":{"environment":"Prod_WestEurope_000l", "migrationStage":"NotStarted", "server":"GENERAL01000009"}}
{"logTime": "0604/182440", "correlationVector":"d6jWvaOvCGzHApSONSKFtK.2","action":"GetUpdates Response", "result":"Success", "context":Received 3 update(s). cV=d6jWvaOvCGzHApSONSKFtK.0;server=GENERAL01000009;cloudType=Consumer;environment=Prod_WestEurope_000l;migrationStage=NotStarted}
{"logTime": "0604/182440", "correlationVector":"QAiLjLAW+ljijmHRmvhSII","action":"Commit Request", "result":"", "context":Item count: 2
Contributing types: Sessions}
{"logTime": "0604/182440", "correlationVector":"QAiLjLAW+ljijmHRmvhSII.1","action":"SyncServerConnectionManagerRequest", "result":"SYNC_SERVER_OK", "context":{"environment":"Prod_WestEurope_000l", "migrationStage":"NotStarted", "server":"GENERAL03000015"}}
{"logTime": "0604/182440", "correlationVector":"QAiLjLAW+ljijmHRmvhSII.2","action":"Commit Response", "result":"Success", "context":Result: Success. cV=QAiLjLAW+ljijmHRmvhSII.0;server=GENERAL03000015;cloudType=Consumer;environment=Prod_WestEurope_000l;migrationStage=NotStarted}
{"logTime": "0604/182440", "correlationVector":"QAiLjLAW+ljijmHRmvhSII.3","action":"Commit.Sessions", "result":"Success", "context":{"id":"3a86a3bf-3fa2-4dc8-bcfc-ae096d59f262", "isDeleted":"true", "size":"0", "version":"1717525451109"}}
{"logTime": "0604/182440", "correlationVector":"QRnYlmWL8YVuYpkIgMcdjP","action":"Normal GetUpdate request", "result":"", "context":cV=QRnYlmWL8YVuYpkIgMcdjP
Nudged types: Sessions
Refresh requested types: Bookmarks, Preferences, Passwords, Autofill Profiles, Autofill, Typed URLs, Extensions, Sessions, Extension settings, History Delete Directives, Device Info, User Consents, Send Tab To Self, Web Apps, Collection, Edge E Drop, Edge Hub App Usage, Edge Tab Group, Edge Wallet, Encryption Keys}
{"logTime": "0604/182440", "correlationVector":"QRnYlmWL8YVuYpkIgMcdjP.1","action":"SyncServerConnectionManagerRequest", "result":"SYNC_SERVER_OK", "context":{"environment":"Prod_WestEurope_000l", "migrationStage":"NotStarted", "server":"general0100000F"}}
{"logTime": "0604/182440", "correlationVector":"QRnYlmWL8YVuYpkIgMcdjP.2","action":"GetUpdates", "result":"DeleteReceived", "context":{"id":"3a86a3bf-3fa2-4dc8-bcfc-ae096d59f262", "isDeleted:":"true", "version":"1717525482053"}}
{"logTime": "0604/182440", "correlationVector":"QRnYlmWL8YVuYpkIgMcdjP.3","action":"GetUpdates Response", "result":"Success", "context":Received 2 update(s). cV=QRnYlmWL8YVuYpkIgMcdjP.0;server=general0100000F;cloudType=Consumer;environment=Prod_WestEurope_000l;migrationStage=NotStarted}
{"logTime": "0604/182510", "correlationVector":"1wOsBE9ajR0cdgEB5efc2K","action":"Commit Request", "result":"", "context":Item count: 1
Contributing types: Sessions}
{"logTime": "0604/182510", "correlationVector":"1wOsBE9ajR0cdgEB5efc2K.1","action":"SyncServerConnectionManagerRequest", "result":"SYNC_SERVER_OK", "context":{"environment":"Prod_WestEurope_000l", "migrationStage":"NotStarted", "server":"GENERAL01000020"}}
{"logTime": "0604/182510", "correlationVector":"1wOsBE9ajR0cdgEB5efc2K.2","action":"Commit Response", "result":"Success", "context":Result: Success. cV=1wOsBE9ajR0cdgEB5efc2K.0;server=GENERAL01000020;cloudType=Consumer;environment=Prod_WestEurope_000l;migrationStage=NotStarted}
{"logTime": "0604/182746", "correlationVector":"MZRJjrf75IKCUIlLCIjilb.1","action":"SyncServerConnectionManagerRequest", "result":"SYNC_SERVER_OK", "context":{"environment":"Prod_WestEurope_000l", "migrationStage":"NotStarted", "server":"general0100000P"}}
{"logTime": "0604/182746", "correlationVector":"MZRJjrf75IKCUIlLCIjilb","action":"Initial GetUpdates", "result":"", "context":Reason: NEW_CLIENT. cV=MZRJjrf75IKCUIlLCIjilb}
{"logTime": "0604/182746", "correlationVector":"MZRJjrf75IKCUIlLCIjilb.2","action":"GetUpdates Response", "result":"Success", "context":Received 1 update(s). cV=MZRJjrf75IKCUIlLCIjilb.0;server=general0100000P;cloudType=Consumer;environment=Prod_WestEurope_000l;migrationStage=NotStarted}
{"logTime": "0604/182746", "correlationVector":"nFAkvVA3wQroS97rkcApQK","action":"Initial GetUpdates", "result":"", "context":Reason: NEWLY_SUPPORTED_DATATYPE. cV=nFAkvVA3wQroS97rkcApQK}
{"logTime": "0604/182746", "correlationVector":"nFAkvVA3wQroS97rkcApQK.1","action":"SyncServerConnectionManagerRequest", "result":"SYNC_SERVER_OK", "context":{"environment":"Prod_WestEurope_000l", "migrationStage":"NotStarted", "server":"GENERAL01000008"}}
{"logTime": "0604/182746", "correlationVector":"nFAkvVA3wQroS97rkcApQK.2","action":"GetUpdates Response", "result":"Success", "context":Received 43 update(s). cV=nFAkvVA3wQroS97rkcApQK.0;server=GENERAL01000008;cloudType=Consumer;environment=Prod_WestEurope_000l;migrationStage=NotStarted}
{"logTime": "0604/182746", "correlationVector":"VwL97rksFNZNxgBF6QYdQf","action":"Initial GetUpdates", "result":"", "context":Reason: NEWLY_SUPPORTED_DATATYPE. cV=VwL97rksFNZNxgBF6QYdQf}
{"logTime": "0604/182746", "correlationVector":"VwL97rksFNZNxgBF6QYdQf.1","action":"SyncServerConnectionManagerRequest", "result":"SYNC_SERVER_OK", "context":{"environment":"Prod_WestEurope_000l", "migrationStage":"NotStarted", "server":"GENERAL0300000T"}}
{"logTime": "0604/182746", "correlationVector":"VwL97rksFNZNxgBF6QYdQf.2","action":"GetUpdates Response", "result":"Success", "context":Received 0 update(s). cV=VwL97rksFNZNxgBF6QYdQf.0;server=GENERAL0300000T;cloudType=Consumer;environment=Prod_WestEurope_000l;migrationStage=NotStarted}
{"logTime": "0604/182746", "correlationVector":"+3uy9Nke2x8FyvvdK/DEqd","action":"SyncServerConnectionManagerRequest", "result":"SYNC_SERVER_OK", "context":{"environment":"", "migrationStage":"", "server":""}}
{"logTime": "0604/182746", "correlationVector":"4PV4U86tXlPyfQYN6TP2He","action":"Normal GetUpdate request", "result":"", "context":cV=4PV4U86tXlPyfQYN6TP2He
Nudged types: Sessions
Refresh requested types: Bookmarks, Preferences, Passwords, Autofill Profiles, Autofill, Typed URLs, Extensions, Sessions, Extension settings, History Delete Directives, Device Info, User Consents, Send Tab To Self, Web Apps, Collection, Edge E Drop, Edge Hub App Usage, Edge Tab Group, Edge Wallet, Encryption Keys}
{"logTime": "0604/182746", "correlationVector":"4PV4U86tXlPyfQYN6TP2He.1","action":"SyncServerConnectionManagerRequest", "result":"SYNC_SERVER_OK", "context":{"environment":"Prod_WestEurope_000l", "migrationStage":"NotStarted", "server":"GENERAL0300002U"}}
{"logTime": "0604/182746", "correlationVector":"4PV4U86tXlPyfQYN6TP2He.2","action":"GetUpdates Response", "result":"Success", "context":Received 1 update(s). cV=4PV4U86tXlPyfQYN6TP2He.0;server=GENERAL0300002U;cloudType=Consumer;environment=Prod_WestEurope_000l;migrationStage=NotStarted}
{"logTime": "0604/182746", "correlationVector":"jsI8oLqk37U2AhmjQbmtuN","action":"Commit Request", "result":"", "context":Item count: 3
Contributing types: Sessions}
{"logTime": "0604/182746", "correlationVector":"jsI8oLqk37U2AhmjQbmtuN.1","action":"SyncServerConnectionManagerRequest", "result":"SYNC_SERVER_OK", "context":{"environment":"Prod_WestEurope_000l", "migrationStage":"NotStarted", "server":"GENERAL0300001L"}}
{"logTime": "0604/182746", "correlationVector":"jsI8oLqk37U2AhmjQbmtuN.3","action":"Commit.Sessions", "result":"Success", "context":{"id":"2cda5c9c-3d86-427e-bcc6-c7b8f7da0cef", "isDeleted":"true", "size":"0", "version":"1717525511904"}}
{"logTime": "0604/182746", "correlationVector":"jsI8oLqk37U2AhmjQbmtuN.2","action":"Commit Response", "result":"Success", "context":Result: Success. cV=jsI8oLqk37U2AhmjQbmtuN.0;server=GENERAL0300001L;cloudType=Consumer;environment=Prod_WestEurope_000l;migrationStage=NotStarted}
{"logTime": "0604/182747", "correlationVector":"K8EUUWMrfcbwiSCe74TSfM","action":"Normal GetUpdate request", "result":"", "context":cV=K8EUUWMrfcbwiSCe74TSfM
Nudged types: Sessions
Refresh requested types: Bookmarks, Preferences, Passwords, Autofill Profiles, Autofill, Typed URLs, Extensions, Sessions, Extension settings, History Delete Directives, Device Info, User Consents, Send Tab To Self, Web Apps, Collection, Edge E Drop, Edge Hub App Usage, Edge Tab Group, Edge Wallet, Encryption Keys}
{"logTime": "0604/182747", "correlationVector":"K8EUUWMrfcbwiSCe74TSfM.1","action":"SyncServerConnectionManagerRequest", "result":"SYNC_SERVER_OK", "context":{"environment":"Prod_WestEurope_000l", "migrationStage":"NotStarted", "server":"GENERAL0300002K"}}
{"logTime": "0604/182747", "correlationVector":"K8EUUWMrfcbwiSCe74TSfM.2","action":"GetUpdates", "result":"DeleteReceived", "context":{"id":"2cda5c9c-3d86-427e-bcc6-c7b8f7da0cef", "isDeleted:":"true", "version":"1717525662872"}}
{"logTime": "0604/182747", "correlationVector":"K8EUUWMrfcbwiSCe74TSfM.3","action":"GetUpdates Response", "result":"Success", "context":Received 3 update(s). cV=K8EUUWMrfcbwiSCe74TSfM.0;server=GENERAL0300002K;cloudType=Consumer;environment=Prod_WestEurope_000l;migrationStage=NotStarted}
{"logTime": "0604/182811", "correlationVector":"jZPeEpRzaDICWHwPbilASM","action":"Commit Request", "result":"", "context":Item count: 3
Contributing types: Sessions}
{"logTime": "0604/182811", "correlationVector":"jZPeEpRzaDICWHwPbilASM.1","action":"SyncServerConnectionManagerRequest", "result":"SYNC_SERVER_OK", "context":{"environment":"Prod_WestEurope_000l", "migrationStage":"NotStarted", "server":"GENERAL01000013"}}
{"logTime": "0604/182811", "correlationVector":"jZPeEpRzaDICWHwPbilASM.2","action":"Commit Response", "result":"Success", "context":Result: Success. cV=jZPeEpRzaDICWHwPbilASM.0;server=GENERAL01000013;cloudType=Consumer;environment=Prod_WestEurope_000l;migrationStage=NotStarted}
{"logTime": "0604/183507", "correlationVector":"Wlg+0l4G1vlZXQZtuwGv/Q.1","action":"SyncServerConnectionManagerRequest", "result":"SYNC_SERVER_OK", "context":{"environment":"Prod_WestEurope_000l", "migrationStage":"NotStarted", "server":"GENERAL0300000V"}}
{"logTime": "0604/183507", "correlationVector":"Wlg+0l4G1vlZXQZtuwGv/Q","action":"Initial GetUpdates", "result":"", "context":Reason: NEW_CLIENT. cV=Wlg+0l4G1vlZXQZtuwGv/Q}
{"logTime": "0604/183507", "correlationVector":"Wlg+0l4G1vlZXQZtuwGv/Q.2","action":"GetUpdates Response", "result":"Success", "context":Received 1 update(s). cV=Wlg+0l4G1vlZXQZtuwGv/Q.0;server=GENERAL0300000V;cloudType=Consumer;environment=Prod_WestEurope_000l;migrationStage=NotStarted}
{"logTime": "0604/183507", "correlationVector":"bYPcq8Rk9rDqndbg2crhZ2","action":"Initial GetUpdates", "result":"", "context":Reason: NEWLY_SUPPORTED_DATATYPE. cV=bYPcq8Rk9rDqndbg2crhZ2}
{"logTime": "0604/183507", "correlationVector":"bYPcq8Rk9rDqndbg2crhZ2.1","action":"SyncServerConnectionManagerRequest", "result":"SYNC_SERVER_OK", "context":{"environment":"Prod_WestEurope_000l", "migrationStage":"NotStarted", "server":"GENERAL01000013"}}
{"logTime": "0604/183507", "correlationVector":"bYPcq8Rk9rDqndbg2crhZ2.2","action":"GetUpdates Response", "result":"Success", "context":Received 43 update(s). cV=bYPcq8Rk9rDqndbg2crhZ2.0;server=GENERAL01000013;cloudType=Consumer;environment=Prod_WestEurope_000l;migrationStage=NotStarted}
{"logTime": "0604/183507", "correlationVector":"KXlLp55jNMXW9OymK2X9wd","action":"Initial GetUpdates", "result":"", "context":Reason: NEWLY_SUPPORTED_DATATYPE. cV=KXlLp55jNMXW9OymK2X9wd}
{"logTime": "0604/183507", "correlationVector":"KXlLp55jNMXW9OymK2X9wd.1","action":"SyncServerConnectionManagerRequest", "result":"SYNC_SERVER_OK", "context":{"environment":"Prod_WestEurope_000l", "migrationStage":"NotStarted", "server":"GENERAL01000000"}}
{"logTime": "0604/183507", "correlationVector":"KXlLp55jNMXW9OymK2X9wd.2","action":"GetUpdates Response", "result":"Success", "context":Received 0 update(s). cV=KXlLp55jNMXW9OymK2X9wd.0;server=GENERAL01000000;cloudType=Consumer;environment=Prod_WestEurope_000l;migrationStage=NotStarted}
{"logTime": "0604/183507", "correlationVector":"D9lGSEFIN4EhjNaHG6dX5a","action":"SyncServerConnectionManagerRequest", "result":"SYNC_SERVER_OK", "context":{"environment":"", "migrationStage":"", "server":""}}
{"logTime": "0604/183507", "correlationVector":"HfLlxKzLCFjuV7ZMk7gal6","action":"Normal GetUpdate request", "result":"", "context":cV=HfLlxKzLCFjuV7ZMk7gal6
Nudged types: Sessions
Refresh requested types: Bookmarks, Preferences, Passwords, Autofill Profiles, Autofill, Typed URLs, Extensions, Sessions, Extension settings, History Delete Directives, Device Info, User Consents, Send Tab To Self, Web Apps, Collection, Edge E Drop, Edge Hub App Usage, Edge Tab Group, Edge Wallet, Encryption Keys}
{"logTime": "0604/183507", "correlationVector":"HfLlxKzLCFjuV7ZMk7gal6.1","action":"SyncServerConnectionManagerRequest", "result":"SYNC_SERVER_OK", "context":{"environment":"Prod_WestEurope_000l", "migrationStage":"NotStarted", "server":"GENERAL01000013"}}
{"logTime": "0604/183507", "correlationVector":"HfLlxKzLCFjuV7ZMk7gal6.2","action":"GetUpdates Response", "result":"Success", "context":Received 3 update(s). cV=HfLlxKzLCFjuV7ZMk7gal6.0;server=GENERAL01000013;cloudType=Consumer;environment=Prod_WestEurope_000l;migrationStage=NotStarted}
{"logTime": "0604/183507", "correlationVector":"W5PZkDdcV6G9s2FUksLX5h","action":"Commit Request", "result":"", "context":Item count: 3
Contributing types: Sessions}
{"logTime": "0604/183507", "correlationVector":"W5PZkDdcV6G9s2FUksLX5h.1","action":"SyncServerConnectionManagerRequest", "result":"SYNC_SERVER_OK", "context":{"environment":"Prod_WestEurope_000l", "migrationStage":"NotStarted", "server":"GENERAL0100000W"}}
{"logTime": "0604/183507", "correlationVector":"W5PZkDdcV6G9s2FUksLX5h.3","action":"Commit.Sessions", "result":"Success", "context":{"id":"794b9b76-ae2e-4032-b338-66eebde3319b", "isDeleted":"true", "size":"0", "version":"1717525692706"}}
{"logTime": "0604/183507", "correlationVector":"W5PZkDdcV6G9s2FUksLX5h.2","action":"Commit Response", "result":"Success", "context":Result: Success. cV=W5PZkDdcV6G9s2FUksLX5h.0;server=GENERAL0100000W;cloudType=Consumer;environment=Prod_WestEurope_000l;migrationStage=NotStarted}
{"logTime": "0604/183507", "correlationVector":"XBj8PJwdgUwVTviZroXJuk","action":"Normal GetUpdate request", "result":"", "context":cV=XBj8PJwdgUwVTviZroXJuk
Nudged types: Sessions
Refresh requested types: Bookmarks, Preferences, Passwords, Autofill Profiles, Autofill, Typed URLs, Extensions, Sessions, Extension settings, History Delete Directives, Device Info, User Consents, Send Tab To Self, Web Apps, Collection, Edge E Drop, Edge Hub App Usage, Edge Tab Group, Edge Wallet, Encryption Keys}
{"logTime": "0604/183507", "correlationVector":"XBj8PJwdgUwVTviZroXJuk.1","action":"SyncServerConnectionManagerRequest", "result":"SYNC_SERVER_OK", "context":{"environment":"Prod_WestEurope_000l", "migrationStage":"NotStarted", "server":"GENERAL0300003A"}}
{"logTime": "0604/183507", "correlationVector":"XBj8PJwdgUwVTviZroXJuk.2","action":"GetUpdates", "result":"DeleteReceived", "context":{"id":"794b9b76-ae2e-4032-b338-66eebde3319b", "isDeleted:":"true", "version":"1717526103547"}}
{"logTime": "0604/183507", "correlationVector":"XBj8PJwdgUwVTviZroXJuk.3","action":"GetUpdates Response", "result":"Success", "context":Received 3 update(s). cV=XBj8PJwdgUwVTviZroXJuk.0;server=GENERAL0300003A;cloudType=Consumer;environment=Prod_WestEurope_000l;migrationStage=NotStarted}
{"logTime": "0604/184510", "correlationVector":"SWy2ckvlx54izu4V2DMKIV.1","action":"SyncServerConnectionManagerRequest", "result":"SYNC_SERVER_OK", "context":{"environment":"Prod_WestEurope_000l", "migrationStage":"NotStarted", "server":"GENERAL01000008"}}
{"logTime": "0604/184510", "correlationVector":"SWy2ckvlx54izu4V2DMKIV","action":"Initial GetUpdates", "result":"", "context":Reason: NEW_CLIENT. cV=SWy2ckvlx54izu4V2DMKIV}
{"logTime": "0604/184510", "correlationVector":"SWy2ckvlx54izu4V2DMKIV.2","action":"GetUpdates Response", "result":"Success", "context":Received 1 update(s). cV=SWy2ckvlx54izu4V2DMKIV.0;server=GENERAL01000008;cloudType=Consumer;environment=Prod_WestEurope_000l;migrationStage=NotStarted}
{"logTime": "0604/184510", "correlationVector":"zGu7M7La8GbhIwaSvGCdkU","action":"Initial GetUpdates", "result":"", "context":Reason: NEWLY_SUPPORTED_DATATYPE. cV=zGu7M7La8GbhIwaSvGCdkU}
{"logTime": "0604/184510", "correlationVector":"zGu7M7La8GbhIwaSvGCdkU.1","action":"SyncServerConnectionManagerRequest", "result":"SYNC_SERVER_OK", "context":{"environment":"Prod_WestEurope_000l", "migrationStage":"NotStarted", "server":"GENERAL0100001Y"}}
{"logTime": "0604/184510", "correlationVector":"zGu7M7La8GbhIwaSvGCdkU.2","action":"GetUpdates Response", "result":"Success", "context":Received 43 update(s). cV=zGu7M7La8GbhIwaSvGCdkU.0;server=GENERAL0100001Y;cloudType=Consumer;environment=Prod_WestEurope_000l;migrationStage=NotStarted}
{"logTime": "0604/184510", "correlationVector":"rxRod+ckaHluxDXky0OebF","action":"Initial GetUpdates", "result":"", "context":Reason: NEWLY_SUPPORTED_DATATYPE. cV=rxRod+ckaHluxDXky0OebF}
{"logTime": "0604/184510", "correlationVector":"rxRod+ckaHluxDXky0OebF.1","action":"SyncServerConnectionManagerRequest", "result":"SYNC_SERVER_OK", "context":{"environment":"Prod_WestEurope_000l", "migrationStage":"NotStarted", "server":"general03000002"}}
{"logTime": "0604/184510", "correlationVector":"rxRod+ckaHluxDXky0OebF.2","action":"GetUpdates Response", "result":"Success", "context":Received 0 update(s). cV=rxRod+ckaHluxDXky0OebF.0;server=general03000002;cloudType=Consumer;environment=Prod_WestEurope_000l;migrationStage=NotStarted}
{"logTime": "0604/184510", "correlationVector":"t7taL4GISvHewIQS3w/qSr","action":"Normal GetUpdate request", "result":"", "context":cV=t7taL4GISvHewIQS3w/qSr
Nudged types: Sessions
Refresh requested types: Bookmarks, Preferences, Passwords, Autofill Profiles, Autofill, Typed URLs, Extensions, Sessions, Extension settings, History Delete Directives, Device Info, User Consents, Send Tab To Self, Web Apps, Collection, Edge E Drop, Edge Hub App Usage, Edge Tab Group, Edge Wallet, Encryption Keys}
{"logTime": "0604/184510", "correlationVector":"t7taL4GISvHewIQS3w/qSr.1","action":"SyncServerConnectionManagerRequest", "result":"SYNC_SERVER_OK", "context":{"environment":"Prod_WestEurope_000l", "migrationStage":"NotStarted", "server":"GENERAL03000015"}}
{"logTime": "0604/184510", "correlationVector":"t7taL4GISvHewIQS3w/qSr.2","action":"GetUpdates Response", "result":"Success", "context":Received 0 update(s). cV=t7taL4GISvHewIQS3w/qSr.0;server=GENERAL03000015;cloudType=Consumer;environment=Prod_WestEurope_000l;migrationStage=NotStarted}
{"logTime": "0604/184510", "correlationVector":"MTHvQ/d9Gh2Qb/OS8VRIzF","action":"Commit Request", "result":"", "context":Item count: 4
Contributing types: Sessions}
{"logTime": "0604/184510", "correlationVector":"MTHvQ/d9Gh2Qb/OS8VRIzF.1","action":"SyncServerConnectionManagerRequest", "result":"SYNC_SERVER_OK", "context":{"environment":"Prod_WestEurope_000l", "migrationStage":"NotStarted", "server":"GENERAL0300003C"}}
{"logTime": "0604/184510", "correlationVector":"MTHvQ/d9Gh2Qb/OS8VRIzF.2","action":"Commit Response", "result":"Success", "context":Result: Success. cV=MTHvQ/d9Gh2Qb/OS8VRIzF.0;server=GENERAL0300003C;cloudType=Consumer;environment=Prod_WestEurope_000l;migrationStage=NotStarted}
{"logTime": "0604/184510", "correlationVector":"9aIWo/3pGt+WGqFqNQ6xTE","action":"SyncServerConnectionManagerRequest", "result":"SYNC_SERVER_OK", "context":{"environment":"", "migrationStage":"", "server":""}}
{"logTime": "0604/184510", "correlationVector":"olp1/EEVT+PSPaPICtbZiH","action":"Normal GetUpdate request", "result":"", "context":cV=olp1/EEVT+PSPaPICtbZiH
Nudged types: Sessions}
{"logTime": "0604/184510", "correlationVector":"olp1/EEVT+PSPaPICtbZiH.1","action":"SyncServerConnectionManagerRequest", "result":"SYNC_SERVER_OK", "context":{"environment":"Prod_WestEurope_000l", "migrationStage":"NotStarted", "server":"general03000002"}}
{"logTime": "0604/184510", "correlationVector":"olp1/EEVT+PSPaPICtbZiH.2","action":"GetUpdates Response", "result":"Success", "context":Received 4 update(s). cV=olp1/EEVT+PSPaPICtbZiH.0;server=general03000002;cloudType=Consumer;environment=Prod_WestEurope_000l;migrationStage=NotStarted}
{"logTime": "0604/184510", "correlationVector":"es/xQbYiCAGmwz6AsE8/n5","action":"Normal GetUpdate request", "result":"", "context":cV=es/xQbYiCAGmwz6AsE8/n5
Refresh requested types: Bookmarks, Preferences, Passwords, Autofill Profiles, Autofill, Typed URLs, Extensions, Sessions, Extension settings, History Delete Directives, Device Info, User Consents, Send Tab To Self, Web Apps, Collection, Edge E Drop, Edge Hub App Usage, Edge Tab Group, Edge Wallet, Encryption Keys}
{"logTime": "0604/184510", "correlationVector":"es/xQbYiCAGmwz6AsE8/n5.1","action":"SyncServerConnectionManagerRequest", "result":"SYNC_SERVER_OK", "context":{"environment":"Prod_WestEurope_000l", "migrationStage":"NotStarted", "server":"GENERAL01000003"}}
{"logTime": "0604/184510", "correlationVector":"es/xQbYiCAGmwz6AsE8/n5.2","action":"GetUpdates Response", "result":"Success", "context":Received 0 update(s). cV=es/xQbYiCAGmwz6AsE8/n5.0;server=GENERAL01000003;cloudType=Consumer;environment=Prod_WestEurope_000l;migrationStage=NotStarted}
{"logTime": "0604/184510", "correlationVector":"Fo5ho7ncZrjw12qCpo1N3K","action":"Poll GetUpdate request", "result":"", "context":cV=Fo5ho7ncZrjw12qCpo1N3K}
{"logTime": "0604/184510", "correlationVector":"Fo5ho7ncZrjw12qCpo1N3K.1","action":"SyncServerConnectionManagerRequest", "result":"SYNC_SERVER_OK", "context":{"environment":"Prod_WestEurope_000l", "migrationStage":"NotStarted", "server":"general0100000X"}}
{"logTime": "0604/184510", "correlationVector":"Fo5ho7ncZrjw12qCpo1N3K.2","action":"GetUpdates Response", "result":"Success", "context":Received 0 update(s). cV=Fo5ho7ncZrjw12qCpo1N3K.0;server=general0100000X;cloudType=Consumer;environment=Prod_WestEurope_000l;migrationStage=NotStarted}
{"logTime": "0604/184534", "correlationVector":"UGD+A8qhY/vidXNXRthYHH","action":"Commit Request", "result":"", "context":Item count: 3
Contributing types: Sessions}
{"logTime": "0604/184534", "correlationVector":"UGD+A8qhY/vidXNXRthYHH.1","action":"SyncServerConnectionManagerRequest", "result":"SYNC_SERVER_OK", "context":{"environment":"Prod_WestEurope_000l", "migrationStage":"NotStarted", "server":"GENERAL0300002L"}}
{"logTime": "0604/184534", "correlationVector":"UGD+A8qhY/vidXNXRthYHH.2","action":"Commit Response", "result":"Success", "context":Result: Success. cV=UGD+A8qhY/vidXNXRthYHH.0;server=GENERAL0300002L;cloudType=Consumer;environment=Prod_WestEurope_000l;migrationStage=NotStarted}
{"logTime": "0604/184534", "correlationVector":"UGD+A8qhY/vidXNXRthYHH.3","action":"Commit.Sessions", "result":"Success", "context":{"id":"fc586aba-e75f-40f5-8fc2-adc154c629a4", "isDeleted":"true", "size":"0", "version":"1717526705725"}}
{"logTime": "0604/184534", "correlationVector":"UGD+A8qhY/vidXNXRthYHH.4","action":"Commit.Sessions", "result":"Success", "context":{"id":"87a0a589-106f-4433-9ae9-3764cdec7953", "isDeleted":"true", "size":"0", "version":"1717526705728"}}
{"logTime": "0605/070044", "correlationVector":"qJJnn3LfG2nsdJICBGF0OL.1","action":"SyncServerConnectionManagerRequest", "result":"SYNC_SERVER_OK", "context":{"environment":"Prod_NorthEurope_000h", "migrationStage":"NotStarted", "server":"GENERAL0100002N"}}
{"logTime": "0605/070044", "correlationVector":"qJJnn3LfG2nsdJICBGF0OL","action":"Initial GetUpdates", "result":"", "context":Reason: NEW_CLIENT. cV=qJJnn3LfG2nsdJICBGF0OL}
{"logTime": "0605/070044", "correlationVector":"qJJnn3LfG2nsdJICBGF0OL.2","action":"GetUpdates Response", "result":"Success", "context":Received 1 update(s). cV=qJJnn3LfG2nsdJICBGF0OL.0;server=GENERAL0100002N;cloudType=Consumer;environment=Prod_NorthEurope_000h;migrationStage=NotStarted}
{"logTime": "0605/070044", "correlationVector":"9HBq1TQqRKE2Ed9k1EetgB","action":"Initial GetUpdates", "result":"", "context":Reason: NEWLY_SUPPORTED_DATATYPE. cV=9HBq1TQqRKE2Ed9k1EetgB}
{"logTime": "0605/070044", "correlationVector":"9HBq1TQqRKE2Ed9k1EetgB.1","action":"SyncServerConnectionManagerRequest", "result":"SYNC_SERVER_OK", "context":{"environment":"Prod_WestEurope_000l", "migrationStage":"NotStarted", "server":"GENERAL01000025"}}
{"logTime": "0605/070044", "correlationVector":"9HBq1TQqRKE2Ed9k1EetgB.2","action":"GetUpdates Response", "result":"Success", "context":Received 43 update(s). cV=9HBq1TQqRKE2Ed9k1EetgB.0;server=GENERAL01000025;cloudType=Consumer;environment=Prod_WestEurope_000l;migrationStage=NotStarted}
{"logTime": "0605/070044", "correlationVector":"FXAy8n1Ja3vinwx5vQDvt3","action":"Initial GetUpdates", "result":"", "context":Reason: NEWLY_SUPPORTED_DATATYPE. cV=FXAy8n1Ja3vinwx5vQDvt3}
{"logTime": "0605/070044", "correlationVector":"FXAy8n1Ja3vinwx5vQDvt3.1","action":"SyncServerConnectionManagerRequest", "result":"SYNC_SERVER_OK", "context":{"environment":"Prod_WestEurope_x00e", "migrationStage":"NotStarted", "server":"GENERAL0100002C"}}
{"logTime": "0605/070044", "correlationVector":"FXAy8n1Ja3vinwx5vQDvt3.2","action":"GetUpdates Response", "result":"Success", "context":Received 0 update(s). cV=FXAy8n1Ja3vinwx5vQDvt3.0;server=GENERAL0100002C;cloudType=Consumer;environment=Prod_WestEurope_x00e;migrationStage=NotStarted}
{"logTime": "0605/070044", "correlationVector":"raa4O2PlH1KeA66jIN8+8j","action":"Normal GetUpdate request", "result":"", "context":cV=raa4O2PlH1KeA66jIN8+8j
Nudged types: Sessions
Refresh requested types: Bookmarks, Preferences, Passwords, Autofill Profiles, Autofill, Typed URLs, Extensions, Sessions, Extension settings, History Delete Directives, Device Info, User Consents, Send Tab To Self, Web Apps, Collection, Edge E Drop, Edge Hub App Usage, Edge Tab Group, Edge Wallet, Encryption Keys}
{"logTime": "0605/070044", "correlationVector":"raa4O2PlH1KeA66jIN8+8j.1","action":"SyncServerConnectionManagerRequest", "result":"SYNC_SERVER_OK", "context":{"environment":"Prod_NorthEurope_000h", "migrationStage":"NotStarted", "server":"GENERAL0100001P"}}
{"logTime": "0605/070044", "correlationVector":"raa4O2PlH1KeA66jIN8+8j.2","action":"GetUpdates", "result":"DeleteReceived", "context":{"id":"fc586aba-e75f-40f5-8fc2-adc154c629a4", "isDeleted:":"true", "version":"1717526736017"}}
{"logTime": "0605/070044", "correlationVector":"raa4O2PlH1KeA66jIN8+8j.3","action":"GetUpdates", "result":"DeleteReceived", "context":{"id":"87a0a589-106f-4433-9ae9-3764cdec7953", "isDeleted:":"true", "version":"1717526736019"}}
{"logTime": "0605/070044", "correlationVector":"raa4O2PlH1KeA66jIN8+8j.4","action":"GetUpdates Response", "result":"Success", "context":Received 10 update(s). cV=raa4O2PlH1KeA66jIN8+8j.0;server=GENERAL0100001P;cloudType=Consumer;environment=Prod_NorthEurope_000h;migrationStage=NotStarted}
{"logTime": "0605/070044", "correlationVector":"ipRVqURGileYKWzU0IOHxm","action":"Commit Request", "result":"", "context":Item count: 3
Contributing types: Sessions}
{"logTime": "0605/070044", "correlationVector":"ipRVqURGileYKWzU0IOHxm.1","action":"SyncServerConnectionManagerRequest", "result":"SYNC_SERVER_OK", "context":{"environment":"Prod_WestEurope_000l", "migrationStage":"NotStarted", "server":"GENERAL03000020"}}
{"logTime": "0605/070044", "correlationVector":"ipRVqURGileYKWzU0IOHxm.3","action":"Commit.Sessions", "result":"Success", "context":{"id":"97b92faa-1dca-4415-bef2-7b05c204e9b5", "isDeleted":"true", "size":"0", "version":"1717526736018"}}
{"logTime": "0605/070044", "correlationVector":"ipRVqURGileYKWzU0IOHxm.2","action":"Commit Response", "result":"Success", "context":Result: Success. cV=ipRVqURGileYKWzU0IOHxm.0;server=GENERAL03000020;cloudType=Consumer;environment=Prod_WestEurope_000l;migrationStage=NotStarted}
{"logTime": "0605/070044", "correlationVector":"voeiLRG6ZugQRKBDV5lkDD","action":"Normal GetUpdate request", "result":"", "context":cV=voeiLRG6ZugQRKBDV5lkDD
Nudged types: Sessions}
{"logTime": "0605/070044", "correlationVector":"voeiLRG6ZugQRKBDV5lkDD.1","action":"SyncServerConnectionManagerRequest", "result":"SYNC_SERVER_OK", "context":{"environment":"Prod_NorthEurope_000h", "migrationStage":"NotStarted", "server":"GENERAL0100001B"}}
{"logTime": "0605/070044", "correlationVector":"voeiLRG6ZugQRKBDV5lkDD.2","action":"GetUpdates", "result":"DeleteReceived", "context":{"id":"97b92faa-1dca-4415-bef2-7b05c204e9b5", "isDeleted:":"true", "version":"1717570843967"}}
{"logTime": "0605/070044", "correlationVector":"voeiLRG6ZugQRKBDV5lkDD.3","action":"GetUpdates Response", "result":"Success", "context":Received 3 update(s). cV=voeiLRG6ZugQRKBDV5lkDD.0;server=GENERAL0100001B;cloudType=Consumer;environment=Prod_NorthEurope_000h;migrationStage=NotStarted}
{"logTime": "0605/070044", "correlationVector":"8UIVMa6uM8nnGbMeFg2SM/","action":"Commit Request", "result":"", "context":Item count: 1
Contributing types: Sessions}
{"logTime": "0605/070044", "correlationVector":"8UIVMa6uM8nnGbMeFg2SM/.1","action":"SyncServerConnectionManagerRequest", "result":"SYNC_SERVER_OK", "context":{"environment":"Prod_NorthEurope_000h", "migrationStage":"NotStarted", "server":"GENERAL0100000K"}}
{"logTime": "0605/070044", "correlationVector":"8UIVMa6uM8nnGbMeFg2SM/.2","action":"Commit Response", "result":"Success", "context":Result: Success. cV=8UIVMa6uM8nnGbMeFg2SM/.0;server=GENERAL0100000K;cloudType=Consumer;environment=Prod_NorthEurope_000h;migrationStage=NotStarted}
{"logTime": "0605/070044", "correlationVector":"yMHmI3v4OLcOFsyKQG8Xoa","action":"Commit Request", "result":"", "context":Item count: 1
Contributing types: Sessions}
{"logTime": "0605/070044", "correlationVector":"yMHmI3v4OLcOFsyKQG8Xoa.1","action":"SyncServerConnectionManagerRequest", "result":"SYNC_SERVER_OK", "context":{"environment":"Prod_NorthEurope_000h", "migrationStage":"NotStarted", "server":"general01000018"}}
{"logTime": "0605/070044", "correlationVector":"yMHmI3v4OLcOFsyKQG8Xoa.2","action":"Commit Response", "result":"Success", "context":Result: Success. cV=yMHmI3v4OLcOFsyKQG8Xoa.0;server=general01000018;cloudType=Consumer;environment=Prod_NorthEurope_000h;migrationStage=NotStarted}
{"logTime": "0605/070044", "correlationVector":"QTGHhDlpo0qVh4lRWonJwM","action":"Poll GetUpdate request", "result":"", "context":cV=QTGHhDlpo0qVh4lRWonJwM}
{"logTime": "0605/070044", "correlationVector":"QTGHhDlpo0qVh4lRWonJwM.1","action":"SyncServerConnectionManagerRequest", "result":"SYNC_SERVER_OK", "context":{"environment":"Prod_NorthEurope_000h", "migrationStage":"NotStarted", "server":"GENERAL0100002I"}}
{"logTime": "0605/070044", "correlationVector":"QTGHhDlpo0qVh4lRWonJwM.2","action":"GetUpdates Response", "result":"Success", "context":Received 1 update(s). cV=QTGHhDlpo0qVh4lRWonJwM.0;server=GENERAL0100002I;cloudType=Consumer;environment=Prod_NorthEurope_000h;migrationStage=NotStarted}
{"logTime": "0605/072325", "correlationVector":"GKHqoDe94XRDR5po7LamgX.1","action":"SyncServerConnectionManagerRequest", "result":"SYNC_SERVER_OK", "context":{"environment":"Prod_WestEurope_x00e", "migrationStage":"NotStarted", "server":"GENERAL0100002C"}}
{"logTime": "0605/072325", "correlationVector":"GKHqoDe94XRDR5po7LamgX","action":"Initial GetUpdates", "result":"", "context":Reason: NEW_CLIENT. cV=GKHqoDe94XRDR5po7LamgX}
{"logTime": "0605/072325", "correlationVector":"GKHqoDe94XRDR5po7LamgX.2","action":"GetUpdates Response", "result":"Success", "context":Received 1 update(s). cV=GKHqoDe94XRDR5po7LamgX.0;server=GENERAL0100002C;cloudType=Consumer;environment=Prod_WestEurope_x00e;migrationStage=NotStarted}
{"logTime": "0605/072325", "correlationVector":"vmHSMeSQlJzsQiqClLQAVi","action":"Initial GetUpdates", "result":"", "context":Reason: NEWLY_SUPPORTED_DATATYPE. cV=vmHSMeSQlJzsQiqClLQAVi}
{"logTime": "0605/072325", "correlationVector":"vmHSMeSQlJzsQiqClLQAVi.1","action":"SyncServerConnectionManagerRequest", "result":"SYNC_SERVER_OK", "context":{"environment":"Prod_WestEurope_000l", "migrationStage":"NotStarted", "server":"GENERAL0100000M"}}
{"logTime": "0605/072325", "correlationVector":"vmHSMeSQlJzsQiqClLQAVi.2","action":"GetUpdates Response", "result":"Success", "context":Received 43 update(s). cV=vmHSMeSQlJzsQiqClLQAVi.0;server=GENERAL0100000M;cloudType=Consumer;environment=Prod_WestEurope_000l;migrationStage=NotStarted}
{"logTime": "0605/072325", "correlationVector":"Ah0YHJtz7ewPorAPbw58x4","action":"SyncServerConnectionManagerRequest", "result":"SYNC_SERVER_OK", "context":{"environment":"", "migrationStage":"", "server":""}}
{"logTime": "0605/072325", "correlationVector":"TaAYyGMgjKm55CyZFY7PKC","action":"Initial GetUpdates", "result":"", "context":Reason: NEWLY_SUPPORTED_DATATYPE. cV=TaAYyGMgjKm55CyZFY7PKC}
{"logTime": "0605/072325", "correlationVector":"TaAYyGMgjKm55CyZFY7PKC.1","action":"SyncServerConnectionManagerRequest", "result":"SYNC_SERVER_OK", "context":{"environment":"Prod_WestEurope_x00e", "migrationStage":"NotStarted", "server":"GENERAL0100000E"}}
{"logTime": "0605/072325", "correlationVector":"TaAYyGMgjKm55CyZFY7PKC.2","action":"GetUpdates Response", "result":"Success", "context":Received 0 update(s). cV=TaAYyGMgjKm55CyZFY7PKC.0;server=GENERAL0100000E;cloudType=Consumer;environment=Prod_WestEurope_x00e;migrationStage=NotStarted}
{"logTime": "0605/072325", "correlationVector":"Fqar8HR8zLkuSSBxIpnwQG","action":"Normal GetUpdate request", "result":"", "context":cV=Fqar8HR8zLkuSSBxIpnwQG
Nudged types: Sessions
Refresh requested types: Bookmarks, Preferences, Passwords, Autofill Profiles, Autofill, Typed URLs, Extensions, Sessions, Extension settings, History Delete Directives, Device Info, User Consents, Send Tab To Self, Web Apps, Collection, Edge E Drop, Edge Hub App Usage, Edge Tab Group, Edge Wallet, Encryption Keys}
{"logTime": "0605/072325", "correlationVector":"Fqar8HR8zLkuSSBxIpnwQG.1","action":"SyncServerConnectionManagerRequest", "result":"SYNC_SERVER_OK", "context":{"environment":"Prod_WestEurope_x00e", "migrationStage":"NotStarted", "server":"GENERAL0200002O"}}
{"logTime": "0605/072325", "correlationVector":"Fqar8HR8zLkuSSBxIpnwQG.2","action":"GetUpdates Response", "result":"Success", "context":Received 0 update(s). cV=Fqar8HR8zLkuSSBxIpnwQG.0;server=GENERAL0200002O;cloudType=Consumer;environment=Prod_WestEurope_x00e;migrationStage=NotStarted}
{"logTime": "0605/072325", "correlationVector":"238tt9SPijAhAHt0e+K8ch","action":"Commit Request", "result":"", "context":Item count: 3
Contributing types: Sessions}
{"logTime": "0605/072325", "correlationVector":"238tt9SPijAhAHt0e+K8ch.1","action":"SyncServerConnectionManagerRequest", "result":"SYNC_SERVER_OK", "context":{"environment":"Prod_WestEurope_x00e", "migrationStage":"NotStarted", "server":"GENERAL0100001J"}}
{"logTime": "0605/072325", "correlationVector":"238tt9SPijAhAHt0e+K8ch.3","action":"Commit.Sessions", "result":"Success", "context":{"id":"e28f0ffc-811b-4d9d-9583-a77888602e58", "isDeleted":"true", "size":"0", "version":"1717570844761"}}
{"logTime": "0605/072325", "correlationVector":"238tt9SPijAhAHt0e+K8ch.2","action":"Commit Response", "result":"Success", "context":Result: Success. cV=238tt9SPijAhAHt0e+K8ch.0;server=GENERAL0100001J;cloudType=Consumer;environment=Prod_WestEurope_x00e;migrationStage=NotStarted}
{"logTime": "0605/072534", "correlationVector":"trJ382SjOnHOWi1Lw9Qgjl.1","action":"SyncServerConnectionManagerRequest", "result":"SYNC_SERVER_OK", "context":{"environment":"Prod_NorthEurope_x00f", "migrationStage":"NotStarted", "server":"GENERAL01000018"}}
{"logTime": "0605/072534", "correlationVector":"trJ382SjOnHOWi1Lw9Qgjl","action":"Initial GetUpdates", "result":"", "context":Reason: NEW_CLIENT. cV=trJ382SjOnHOWi1Lw9Qgjl}
{"logTime": "0605/072534", "correlationVector":"trJ382SjOnHOWi1Lw9Qgjl.2","action":"GetUpdates Response", "result":"Success", "context":Received 1 update(s). cV=trJ382SjOnHOWi1Lw9Qgjl.0;server=GENERAL01000018;cloudType=Consumer;environment=Prod_NorthEurope_x00f;migrationStage=NotStarted}
{"logTime": "0605/072534", "correlationVector":"xAmWFYXtlILXE6I96Vyov0","action":"Initial GetUpdates", "result":"", "context":Reason: NEWLY_SUPPORTED_DATATYPE. cV=xAmWFYXtlILXE6I96Vyov0}
{"logTime": "0605/072534", "correlationVector":"xAmWFYXtlILXE6I96Vyov0.1","action":"SyncServerConnectionManagerRequest", "result":"SYNC_SERVER_OK", "context":{"environment":"Prod_WestEurope_x00e", "migrationStage":"NotStarted", "server":"GENERAL01000028"}}
{"logTime": "0605/072534", "correlationVector":"xAmWFYXtlILXE6I96Vyov0.2","action":"GetUpdates Response", "result":"Success", "context":Received 43 update(s). cV=xAmWFYXtlILXE6I96Vyov0.0;server=GENERAL01000028;cloudType=Consumer;environment=Prod_WestEurope_x00e;migrationStage=NotStarted}
{"logTime": "0605/072534", "correlationVector":"QZwMXvyIqjRwPAyjSlJD3R","action":"Initial GetUpdates", "result":"", "context":Reason: NEWLY_SUPPORTED_DATATYPE. cV=QZwMXvyIqjRwPAyjSlJD3R}
{"logTime": "0605/072534", "correlationVector":"QZwMXvyIqjRwPAyjSlJD3R.1","action":"SyncServerConnectionManagerRequest", "result":"SYNC_SERVER_OK", "context":{"environment":"Prod_WestEurope_x00e", "migrationStage":"NotStarted", "server":"GENERAL01000014"}}
{"logTime": "0605/072534", "correlationVector":"QZwMXvyIqjRwPAyjSlJD3R.2","action":"GetUpdates Response", "result":"Success", "context":Received 0 update(s). cV=QZwMXvyIqjRwPAyjSlJD3R.0;server=GENERAL01000014;cloudType=Consumer;environment=Prod_WestEurope_x00e;migrationStage=NotStarted}
{"logTime": "0605/072534", "correlationVector":"N5W34Ilw3MbTHNj2OCnRSk","action":"Normal GetUpdate request", "result":"", "context":cV=N5W34Ilw3MbTHNj2OCnRSk
Nudged types: Sessions
Refresh requested types: Bookmarks, Preferences, Passwords, Autofill Profiles, Autofill, Typed URLs, Extensions, Sessions, Extension settings, History Delete Directives, Device Info, User Consents, Send Tab To Self, Web Apps, Collection, Edge E Drop, Edge Hub App Usage, Edge Tab Group, Edge Wallet, Encryption Keys}
{"logTime": "0605/072534", "correlationVector":"N5W34Ilw3MbTHNj2OCnRSk.1","action":"SyncServerConnectionManagerRequest", "result":"SYNC_SERVER_OK", "context":{"environment":"Prod_NorthEurope_x00f", "migrationStage":"NotStarted", "server":"GENERAL0100000A"}}
{"logTime": "0605/072534", "correlationVector":"N5W34Ilw3MbTHNj2OCnRSk.2","action":"GetUpdates", "result":"DeleteReceived", "context":{"id":"e28f0ffc-811b-4d9d-9583-a77888602e58", "isDeleted:":"true", "version":"1717572202474"}}
{"logTime": "0605/072534", "correlationVector":"N5W34Ilw3MbTHNj2OCnRSk.3","action":"GetUpdates Response", "result":"Success", "context":Received 3 update(s). cV=N5W34Ilw3MbTHNj2OCnRSk.0;server=GENERAL0100000A;cloudType=Consumer;environment=Prod_NorthEurope_x00f;migrationStage=NotStarted}
{"logTime": "0605/072534", "correlationVector":"MyjYV/eV0RWFDlUw0AXN30","action":"Commit Request", "result":"", "context":Item count: 4
Contributing types: Sessions}
{"logTime": "0605/072534", "correlationVector":"MyjYV/eV0RWFDlUw0AXN30.1","action":"SyncServerConnectionManagerRequest", "result":"SYNC_SERVER_OK", "context":{"environment":"Prod_NorthEurope_x00f", "migrationStage":"NotStarted", "server":"GENERAL0100001P"}}
{"logTime": "0605/072534", "correlationVector":"MyjYV/eV0RWFDlUw0AXN30.2","action":"Commit Response", "result":"Success", "context":Result: Success. cV=MyjYV/eV0RWFDlUw0AXN30.0;server=GENERAL0100001P;cloudType=Consumer;environment=Prod_NorthEurope_x00f;migrationStage=NotStarted}
{"logTime": "0605/072555", "correlationVector":"Kh9shOy7V9teahHtT3mZ0r","action":"SyncServerConnectionManagerRequest", "result":"SYNC_SERVER_OK", "context":{"environment":"", "migrationStage":"", "server":""}}
{"logTime": "0605/072555", "correlationVector":"M7YCwwd+A26sxOYl0MD9yB","action":"Normal GetUpdate request", "result":"", "context":cV=M7YCwwd+A26sxOYl0MD9yB
Nudged types: Sessions}
{"logTime": "0605/072555", "correlationVector":"M7YCwwd+A26sxOYl0MD9yB.1","action":"SyncServerConnectionManagerRequest", "result":"SYNC_SERVER_OK", "context":{"environment":"Prod_WestEurope_x00e", "migrationStage":"NotStarted", "server":"GENERAL0100001F"}}
{"logTime": "0605/072555", "correlationVector":"M7YCwwd+A26sxOYl0MD9yB.2","action":"GetUpdates Response", "result":"Success", "context":Received 4 update(s). cV=M7YCwwd+A26sxOYl0MD9yB.0;server=GENERAL0100001F;cloudType=Consumer;environment=Prod_WestEurope_x00e;migrationStage=NotStarted}
{"logTime": "0605/072555", "correlationVector":"HwagEE33raG+j2VmNG3fjc","action":"Commit Request", "result":"", "context":Item count: 3
Contributing types: Sessions}
{"logTime": "0605/072555", "correlationVector":"HwagEE33raG+j2VmNG3fjc.1","action":"SyncServerConnectionManagerRequest", "result":"SYNC_SERVER_OK", "context":{"environment":"Prod_NorthEurope_x00f", "migrationStage":"NotStarted", "server":"GENERAL02000048"}}
{"logTime": "0605/072555", "correlationVector":"HwagEE33raG+j2VmNG3fjc.3","action":"Commit.Sessions", "result":"Success", "context":{"id":"cdbc9ecb-cfa2-4f2a-a97d-fb6697442949", "isDeleted":"true", "size":"0", "version":"1717572324481"}}
{"logTime": "0605/072555", "correlationVector":"HwagEE33raG+j2VmNG3fjc.2","action":"Commit Response", "result":"Success", "context":Result: Success. cV=HwagEE33raG+j2VmNG3fjc.0;server=GENERAL02000048;cloudType=Consumer;environment=Prod_NorthEurope_x00f;migrationStage=NotStarted}
{"logTime": "0605/072555", "correlationVector":"HwagEE33raG+j2VmNG3fjc.4","action":"Commit.Sessions", "result":"Success", "context":{"id":"4679ae14-e04f-42c6-90e7-3ea7579c710d", "isDeleted":"true", "size":"0", "version":"1717572324484"}}
{"logTime": "0605/072555", "correlationVector":"UmImSBIV/p0VZhKOxhoviv","action":"Normal GetUpdate request", "result":"", "context":cV=UmImSBIV/p0VZhKOxhoviv
Nudged types: Sessions
Refresh requested types: Bookmarks, Preferences, Passwords, Autofill Profiles, Autofill, Typed URLs, Extensions, Sessions, Extension settings, History Delete Directives, Device Info, User Consents, Send Tab To Self, Web Apps, Collection, Edge E Drop, Edge Hub App Usage, Edge Tab Group, Edge Wallet, Encryption Keys}
{"logTime": "0605/072556", "correlationVector":"UmImSBIV/p0VZhKOxhoviv.1","action":"SyncServerConnectionManagerRequest", "result":"SYNC_SERVER_OK", "context":{"environment":"Prod_NorthEurope_x00f", "migrationStage":"NotStarted", "server":"GENERAL0100002E"}}
{"logTime": "0605/072556", "correlationVector":"UmImSBIV/p0VZhKOxhoviv.2","action":"GetUpdates", "result":"DeleteReceived", "context":{"id":"cdbc9ecb-cfa2-4f2a-a97d-fb6697442949", "isDeleted:":"true", "version":"1717572356190"}}
{"logTime": "0605/072556", "correlationVector":"UmImSBIV/p0VZhKOxhoviv.3","action":"GetUpdates", "result":"DeleteReceived", "context":{"id":"4679ae14-e04f-42c6-90e7-3ea7579c710d", "isDeleted:":"true", "version":"1717572356192"}}
{"logTime": "0605/072556", "correlationVector":"UmImSBIV/p0VZhKOxhoviv.4","action":"GetUpdates Response", "result":"Success", "context":Received 3 update(s). cV=UmImSBIV/p0VZhKOxhoviv.0;server=GENERAL0100002E;cloudType=Consumer;environment=Prod_NorthEurope_x00f;migrationStage=NotStarted}
